[2022-12-11 20:40:18] production.ERROR: symlink(): File exists {"exception":"[object] (ErrorException(code: 0): symlink(): File exists at /home/mrkreativez/public_html/shortstay.mrkreativez.com/app/Providers/AppServiceProvider.php:43)
[stacktrace]
#0 [internal function]: Illuminate\\Foundation\\Bootstrap\\HandleExceptions->handleError(2, 'symlink(): File...', '/home/mrkreativ...', 43, Array)
#1 /home/mrkreativez/public_html/shortstay.mrkreativez.com/app/Providers/AppServiceProvider.php(43): symlink('/home/mrkreativ...', '/home/mrkreativ...')
#2 /home/mrkreativez/public_html/shortstay.mrkreativez.com/vendor/laravel/framework/src/Illuminate/Container/BoundMethod.php(36): App\\Providers\\AppServiceProvider->boot(Object(Illuminate\\Http\\Request))
#3 /home/mrkreativez/public_html/shortstay.mrkreativez.com/vendor/laravel/framework/src/Illuminate/Container/Util.php(40): Illuminate\\Container\\BoundMethod::Illuminate\\Container\\{closure}()
#4 /home/mrkreativez/public_html/shortstay.mrkreativez.com/vendor/laravel/framework/src/Illuminate/Container/BoundMethod.php(93): Illuminate\\Container\\Util::unwrapIfClosure(Object(Closure))
#5 /home/mrkreativez/public_html/shortstay.mrkreativez.com/vendor/laravel/framework/src/Illuminate/Container/BoundMethod.php(37): Illuminate\\Container\\BoundMethod::callBoundMethod(Object(Illuminate\\Foundation\\Application), Array, Object(Closure))
#6 /home/mrkreativez/public_html/shortstay.mrkreativez.com/vendor/laravel/framework/src/Illuminate/Container/Container.php(653): Illuminate\\Container\\BoundMethod::call(Object(Illuminate\\Foundation\\Application), Array, Array, NULL)
#7 /home/mrkreativez/public_html/shortstay.mrkreativez.com/vendor/laravel/framework/src/Illuminate/Foundation/Application.php(914): Illuminate\\Container\\Container->call(Array)
#8 /home/mrkreativez/public_html/shortstay.mrkreativez.com/vendor/laravel/framework/src/Illuminate/Foundation/Application.php(895): Illuminate\\Foundation\\Application->bootProvider(Object(App\\Providers\\AppServiceProvider))
#9 [internal function]: Illuminate\\Foundation\\Application->Illuminate\\Foundation\\{closure}(Object(App\\Providers\\AppServiceProvider), 37)
#10 /home/mrkreativez/public_html/shortstay.mrkreativez.com/vendor/laravel/framework/src/Illuminate/Foundation/Application.php(896): array_walk(Array, Object(Closure))
#11 /home/mrkreativez/public_html/shortstay.mrkreativez.com/vendor/laravel/framework/src/Illuminate/Foundation/Bootstrap/BootProviders.php(17): Illuminate\\Foundation\\Application->boot()
#12 /home/mrkreativez/public_html/shortstay.mrkreativez.com/vendor/laravel/framework/src/Illuminate/Foundation/Application.php(237): Illuminate\\Foundation\\Bootstrap\\BootProviders->bootstrap(Object(Illuminate\\Foundation\\Application))
#13 /home/mrkreativez/public_html/shortstay.mrkreativez.com/vendor/laravel/framework/src/Illuminate/Foundation/Http/Kernel.php(153): Illuminate\\Foundation\\Application->bootstrapWith(Array)
#14 /home/mrkreativez/public_html/shortstay.mrkreativez.com/vendor/laravel/framework/src/Illuminate/Foundation/Http/Kernel.php(137): Illuminate\\Foundation\\Http\\Kernel->bootstrap()
#15 /home/mrkreativez/public_html/shortstay.mrkreativez.com/vendor/laravel/framework/src/Illuminate/Foundation/Http/Kernel.php(111): Illuminate\\Foundation\\Http\\Kernel->sendRequestThroughRouter(Object(Illuminate\\Http\\Request))
#16 /home/mrkreativez/public_html/shortstay.mrkreativez.com/public/index.php(73): Illuminate\\Foundation\\Http\\Kernel->handle(Object(Illuminate\\Http\\Request))
#17 {main}
"} 
[2022-12-11 20:40:53] production.ERROR: symlink(): File exists {"exception":"[object] (ErrorException(code: 0): symlink(): File exists at /home/mrkreativez/public_html/shortstay.mrkreativez.com/app/Providers/AppServiceProvider.php:43)
[stacktrace]
#0 [internal function]: Illuminate\\Foundation\\Bootstrap\\HandleExceptions->handleError(2, 'symlink(): File...', '/home/mrkreativ...', 43, Array)
#1 /home/mrkreativez/public_html/shortstay.mrkreativez.com/app/Providers/AppServiceProvider.php(43): symlink('/home/mrkreativ...', '/home/mrkreativ...')
#2 /home/mrkreativez/public_html/shortstay.mrkreativez.com/vendor/laravel/framework/src/Illuminate/Container/BoundMethod.php(36): App\\Providers\\AppServiceProvider->boot(Object(Illuminate\\Http\\Request))
#3 /home/mrkreativez/public_html/shortstay.mrkreativez.com/vendor/laravel/framework/src/Illuminate/Container/Util.php(40): Illuminate\\Container\\BoundMethod::Illuminate\\Container\\{closure}()
#4 /home/mrkreativez/public_html/shortstay.mrkreativez.com/vendor/laravel/framework/src/Illuminate/Container/BoundMethod.php(93): Illuminate\\Container\\Util::unwrapIfClosure(Object(Closure))
#5 /home/mrkreativez/public_html/shortstay.mrkreativez.com/vendor/laravel/framework/src/Illuminate/Container/BoundMethod.php(37): Illuminate\\Container\\BoundMethod::callBoundMethod(Object(Illuminate\\Foundation\\Application), Array, Object(Closure))
#6 /home/mrkreativez/public_html/shortstay.mrkreativez.com/vendor/laravel/framework/src/Illuminate/Container/Container.php(653): Illuminate\\Container\\BoundMethod::call(Object(Illuminate\\Foundation\\Application), Array, Array, NULL)
#7 /home/mrkreativez/public_html/shortstay.mrkreativez.com/vendor/laravel/framework/src/Illuminate/Foundation/Application.php(914): Illuminate\\Container\\Container->call(Array)
#8 /home/mrkreativez/public_html/shortstay.mrkreativez.com/vendor/laravel/framework/src/Illuminate/Foundation/Application.php(895): Illuminate\\Foundation\\Application->bootProvider(Object(App\\Providers\\AppServiceProvider))
#9 [internal function]: Illuminate\\Foundation\\Application->Illuminate\\Foundation\\{closure}(Object(App\\Providers\\AppServiceProvider), 37)
#10 /home/mrkreativez/public_html/shortstay.mrkreativez.com/vendor/laravel/framework/src/Illuminate/Foundation/Application.php(896): array_walk(Array, Object(Closure))
#11 /home/mrkreativez/public_html/shortstay.mrkreativez.com/vendor/laravel/framework/src/Illuminate/Foundation/Bootstrap/BootProviders.php(17): Illuminate\\Foundation\\Application->boot()
#12 /home/mrkreativez/public_html/shortstay.mrkreativez.com/vendor/laravel/framework/src/Illuminate/Foundation/Application.php(237): Illuminate\\Foundation\\Bootstrap\\BootProviders->bootstrap(Object(Illuminate\\Foundation\\Application))
#13 /home/mrkreativez/public_html/shortstay.mrkreativez.com/vendor/laravel/framework/src/Illuminate/Foundation/Http/Kernel.php(153): Illuminate\\Foundation\\Application->bootstrapWith(Array)
#14 /home/mrkreativez/public_html/shortstay.mrkreativez.com/vendor/laravel/framework/src/Illuminate/Foundation/Http/Kernel.php(137): Illuminate\\Foundation\\Http\\Kernel->bootstrap()
#15 /home/mrkreativez/public_html/shortstay.mrkreativez.com/vendor/laravel/framework/src/Illuminate/Foundation/Http/Kernel.php(111): Illuminate\\Foundation\\Http\\Kernel->sendRequestThroughRouter(Object(Illuminate\\Http\\Request))
#16 /home/mrkreativez/public_html/shortstay.mrkreativez.com/public/index.php(73): Illuminate\\Foundation\\Http\\Kernel->handle(Object(Illuminate\\Http\\Request))
#17 {main}
"} 
[2022-12-11 20:41:08] production.ERROR: symlink(): File exists {"exception":"[object] (ErrorException(code: 0): symlink(): File exists at /home/mrkreativez/public_html/shortstay.mrkreativez.com/app/Providers/AppServiceProvider.php:43)
[stacktrace]
#0 [internal function]: Illuminate\\Foundation\\Bootstrap\\HandleExceptions->handleError(2, 'symlink(): File...', '/home/mrkreativ...', 43, Array)
#1 /home/mrkreativez/public_html/shortstay.mrkreativez.com/app/Providers/AppServiceProvider.php(43): symlink('/home/mrkreativ...', '/home/mrkreativ...')
#2 /home/mrkreativez/public_html/shortstay.mrkreativez.com/vendor/laravel/framework/src/Illuminate/Container/BoundMethod.php(36): App\\Providers\\AppServiceProvider->boot(Object(Illuminate\\Http\\Request))
#3 /home/mrkreativez/public_html/shortstay.mrkreativez.com/vendor/laravel/framework/src/Illuminate/Container/Util.php(40): Illuminate\\Container\\BoundMethod::Illuminate\\Container\\{closure}()
#4 /home/mrkreativez/public_html/shortstay.mrkreativez.com/vendor/laravel/framework/src/Illuminate/Container/BoundMethod.php(93): Illuminate\\Container\\Util::unwrapIfClosure(Object(Closure))
#5 /home/mrkreativez/public_html/shortstay.mrkreativez.com/vendor/laravel/framework/src/Illuminate/Container/BoundMethod.php(37): Illuminate\\Container\\BoundMethod::callBoundMethod(Object(Illuminate\\Foundation\\Application), Array, Object(Closure))
#6 /home/mrkreativez/public_html/shortstay.mrkreativez.com/vendor/laravel/framework/src/Illuminate/Container/Container.php(653): Illuminate\\Container\\BoundMethod::call(Object(Illuminate\\Foundation\\Application), Array, Array, NULL)
#7 /home/mrkreativez/public_html/shortstay.mrkreativez.com/vendor/laravel/framework/src/Illuminate/Foundation/Application.php(914): Illuminate\\Container\\Container->call(Array)
#8 /home/mrkreativez/public_html/shortstay.mrkreativez.com/vendor/laravel/framework/src/Illuminate/Foundation/Application.php(895): Illuminate\\Foundation\\Application->bootProvider(Object(App\\Providers\\AppServiceProvider))
#9 [internal function]: Illuminate\\Foundation\\Application->Illuminate\\Foundation\\{closure}(Object(App\\Providers\\AppServiceProvider), 37)
#10 /home/mrkreativez/public_html/shortstay.mrkreativez.com/vendor/laravel/framework/src/Illuminate/Foundation/Application.php(896): array_walk(Array, Object(Closure))
#11 /home/mrkreativez/public_html/shortstay.mrkreativez.com/vendor/laravel/framework/src/Illuminate/Foundation/Bootstrap/BootProviders.php(17): Illuminate\\Foundation\\Application->boot()
#12 /home/mrkreativez/public_html/shortstay.mrkreativez.com/vendor/laravel/framework/src/Illuminate/Foundation/Application.php(237): Illuminate\\Foundation\\Bootstrap\\BootProviders->bootstrap(Object(Illuminate\\Foundation\\Application))
#13 /home/mrkreativez/public_html/shortstay.mrkreativez.com/vendor/laravel/framework/src/Illuminate/Foundation/Http/Kernel.php(153): Illuminate\\Foundation\\Application->bootstrapWith(Array)
#14 /home/mrkreativez/public_html/shortstay.mrkreativez.com/vendor/laravel/framework/src/Illuminate/Foundation/Http/Kernel.php(137): Illuminate\\Foundation\\Http\\Kernel->bootstrap()
#15 /home/mrkreativez/public_html/shortstay.mrkreativez.com/vendor/laravel/framework/src/Illuminate/Foundation/Http/Kernel.php(111): Illuminate\\Foundation\\Http\\Kernel->sendRequestThroughRouter(Object(Illuminate\\Http\\Request))
#16 /home/mrkreativez/public_html/shortstay.mrkreativez.com/public/index.php(73): Illuminate\\Foundation\\Http\\Kernel->handle(Object(Illuminate\\Http\\Request))
#17 {main}
"} 
[2022-12-11 20:41:22] production.ERROR: symlink(): File exists {"exception":"[object] (ErrorException(code: 0): symlink(): File exists at /home/mrkreativez/public_html/shortstay.mrkreativez.com/app/Providers/AppServiceProvider.php:43)
[stacktrace]
#0 [internal function]: Illuminate\\Foundation\\Bootstrap\\HandleExceptions->handleError(2, 'symlink(): File...', '/home/mrkreativ...', 43, Array)
#1 /home/mrkreativez/public_html/shortstay.mrkreativez.com/app/Providers/AppServiceProvider.php(43): symlink('/home/mrkreativ...', '/home/mrkreativ...')
#2 /home/mrkreativez/public_html/shortstay.mrkreativez.com/vendor/laravel/framework/src/Illuminate/Container/BoundMethod.php(36): App\\Providers\\AppServiceProvider->boot(Object(Illuminate\\Http\\Request))
#3 /home/mrkreativez/public_html/shortstay.mrkreativez.com/vendor/laravel/framework/src/Illuminate/Container/Util.php(40): Illuminate\\Container\\BoundMethod::Illuminate\\Container\\{closure}()
#4 /home/mrkreativez/public_html/shortstay.mrkreativez.com/vendor/laravel/framework/src/Illuminate/Container/BoundMethod.php(93): Illuminate\\Container\\Util::unwrapIfClosure(Object(Closure))
#5 /home/mrkreativez/public_html/shortstay.mrkreativez.com/vendor/laravel/framework/src/Illuminate/Container/BoundMethod.php(37): Illuminate\\Container\\BoundMethod::callBoundMethod(Object(Illuminate\\Foundation\\Application), Array, Object(Closure))
#6 /home/mrkreativez/public_html/shortstay.mrkreativez.com/vendor/laravel/framework/src/Illuminate/Container/Container.php(653): Illuminate\\Container\\BoundMethod::call(Object(Illuminate\\Foundation\\Application), Array, Array, NULL)
#7 /home/mrkreativez/public_html/shortstay.mrkreativez.com/vendor/laravel/framework/src/Illuminate/Foundation/Application.php(914): Illuminate\\Container\\Container->call(Array)
#8 /home/mrkreativez/public_html/shortstay.mrkreativez.com/vendor/laravel/framework/src/Illuminate/Foundation/Application.php(895): Illuminate\\Foundation\\Application->bootProvider(Object(App\\Providers\\AppServiceProvider))
#9 [internal function]: Illuminate\\Foundation\\Application->Illuminate\\Foundation\\{closure}(Object(App\\Providers\\AppServiceProvider), 37)
#10 /home/mrkreativez/public_html/shortstay.mrkreativez.com/vendor/laravel/framework/src/Illuminate/Foundation/Application.php(896): array_walk(Array, Object(Closure))
#11 /home/mrkreativez/public_html/shortstay.mrkreativez.com/vendor/laravel/framework/src/Illuminate/Foundation/Bootstrap/BootProviders.php(17): Illuminate\\Foundation\\Application->boot()
#12 /home/mrkreativez/public_html/shortstay.mrkreativez.com/vendor/laravel/framework/src/Illuminate/Foundation/Application.php(237): Illuminate\\Foundation\\Bootstrap\\BootProviders->bootstrap(Object(Illuminate\\Foundation\\Application))
#13 /home/mrkreativez/public_html/shortstay.mrkreativez.com/vendor/laravel/framework/src/Illuminate/Foundation/Http/Kernel.php(153): Illuminate\\Foundation\\Application->bootstrapWith(Array)
#14 /home/mrkreativez/public_html/shortstay.mrkreativez.com/vendor/laravel/framework/src/Illuminate/Foundation/Http/Kernel.php(137): Illuminate\\Foundation\\Http\\Kernel->bootstrap()
#15 /home/mrkreativez/public_html/shortstay.mrkreativez.com/vendor/laravel/framework/src/Illuminate/Foundation/Http/Kernel.php(111): Illuminate\\Foundation\\Http\\Kernel->sendRequestThroughRouter(Object(Illuminate\\Http\\Request))
#16 /home/mrkreativez/public_html/shortstay.mrkreativez.com/public/index.php(73): Illuminate\\Foundation\\Http\\Kernel->handle(Object(Illuminate\\Http\\Request))
#17 {main}
"} 
[2022-12-11 20:42:49] production.ERROR: symlink(): File exists {"exception":"[object] (ErrorException(code: 0): symlink(): File exists at /home/mrkreativez/public_html/shortstay.mrkreativez.com/app/Providers/AppServiceProvider.php:43)
[stacktrace]
#0 [internal function]: Illuminate\\Foundation\\Bootstrap\\HandleExceptions->handleError(2, 'symlink(): File...', '/home/mrkreativ...', 43, Array)
#1 /home/mrkreativez/public_html/shortstay.mrkreativez.com/app/Providers/AppServiceProvider.php(43): symlink('/home/mrkreativ...', '/home/mrkreativ...')
#2 /home/mrkreativez/public_html/shortstay.mrkreativez.com/vendor/laravel/framework/src/Illuminate/Container/BoundMethod.php(36): App\\Providers\\AppServiceProvider->boot(Object(Illuminate\\Http\\Request))
#3 /home/mrkreativez/public_html/shortstay.mrkreativez.com/vendor/laravel/framework/src/Illuminate/Container/Util.php(40): Illuminate\\Container\\BoundMethod::Illuminate\\Container\\{closure}()
#4 /home/mrkreativez/public_html/shortstay.mrkreativez.com/vendor/laravel/framework/src/Illuminate/Container/BoundMethod.php(93): Illuminate\\Container\\Util::unwrapIfClosure(Object(Closure))
#5 /home/mrkreativez/public_html/shortstay.mrkreativez.com/vendor/laravel/framework/src/Illuminate/Container/BoundMethod.php(37): Illuminate\\Container\\BoundMethod::callBoundMethod(Object(Illuminate\\Foundation\\Application), Array, Object(Closure))
#6 /home/mrkreativez/public_html/shortstay.mrkreativez.com/vendor/laravel/framework/src/Illuminate/Container/Container.php(653): Illuminate\\Container\\BoundMethod::call(Object(Illuminate\\Foundation\\Application), Array, Array, NULL)
#7 /home/mrkreativez/public_html/shortstay.mrkreativez.com/vendor/laravel/framework/src/Illuminate/Foundation/Application.php(914): Illuminate\\Container\\Container->call(Array)
#8 /home/mrkreativez/public_html/shortstay.mrkreativez.com/vendor/laravel/framework/src/Illuminate/Foundation/Application.php(895): Illuminate\\Foundation\\Application->bootProvider(Object(App\\Providers\\AppServiceProvider))
#9 [internal function]: Illuminate\\Foundation\\Application->Illuminate\\Foundation\\{closure}(Object(App\\Providers\\AppServiceProvider), 37)
#10 /home/mrkreativez/public_html/shortstay.mrkreativez.com/vendor/laravel/framework/src/Illuminate/Foundation/Application.php(896): array_walk(Array, Object(Closure))
#11 /home/mrkreativez/public_html/shortstay.mrkreativez.com/vendor/laravel/framework/src/Illuminate/Foundation/Bootstrap/BootProviders.php(17): Illuminate\\Foundation\\Application->boot()
#12 /home/mrkreativez/public_html/shortstay.mrkreativez.com/vendor/laravel/framework/src/Illuminate/Foundation/Application.php(237): Illuminate\\Foundation\\Bootstrap\\BootProviders->bootstrap(Object(Illuminate\\Foundation\\Application))
#13 /home/mrkreativez/public_html/shortstay.mrkreativez.com/vendor/laravel/framework/src/Illuminate/Foundation/Http/Kernel.php(153): Illuminate\\Foundation\\Application->bootstrapWith(Array)
#14 /home/mrkreativez/public_html/shortstay.mrkreativez.com/vendor/laravel/framework/src/Illuminate/Foundation/Http/Kernel.php(137): Illuminate\\Foundation\\Http\\Kernel->bootstrap()
#15 /home/mrkreativez/public_html/shortstay.mrkreativez.com/vendor/laravel/framework/src/Illuminate/Foundation/Http/Kernel.php(111): Illuminate\\Foundation\\Http\\Kernel->sendRequestThroughRouter(Object(Illuminate\\Http\\Request))
#16 /home/mrkreativez/public_html/shortstay.mrkreativez.com/public/index.php(73): Illuminate\\Foundation\\Http\\Kernel->handle(Object(Illuminate\\Http\\Request))
#17 {main}
"} 
[2022-12-11 20:43:00] production.ERROR: symlink(): File exists {"exception":"[object] (ErrorException(code: 0): symlink(): File exists at /home/mrkreativez/public_html/shortstay.mrkreativez.com/app/Providers/AppServiceProvider.php:43)
[stacktrace]
#0 [internal function]: Illuminate\\Foundation\\Bootstrap\\HandleExceptions->handleError(2, 'symlink(): File...', '/home/mrkreativ...', 43, Array)
#1 /home/mrkreativez/public_html/shortstay.mrkreativez.com/app/Providers/AppServiceProvider.php(43): symlink('/home/mrkreativ...', '/home/mrkreativ...')
#2 /home/mrkreativez/public_html/shortstay.mrkreativez.com/vendor/laravel/framework/src/Illuminate/Container/BoundMethod.php(36): App\\Providers\\AppServiceProvider->boot(Object(Illuminate\\Http\\Request))
#3 /home/mrkreativez/public_html/shortstay.mrkreativez.com/vendor/laravel/framework/src/Illuminate/Container/Util.php(40): Illuminate\\Container\\BoundMethod::Illuminate\\Container\\{closure}()
#4 /home/mrkreativez/public_html/shortstay.mrkreativez.com/vendor/laravel/framework/src/Illuminate/Container/BoundMethod.php(93): Illuminate\\Container\\Util::unwrapIfClosure(Object(Closure))
#5 /home/mrkreativez/public_html/shortstay.mrkreativez.com/vendor/laravel/framework/src/Illuminate/Container/BoundMethod.php(37): Illuminate\\Container\\BoundMethod::callBoundMethod(Object(Illuminate\\Foundation\\Application), Array, Object(Closure))
#6 /home/mrkreativez/public_html/shortstay.mrkreativez.com/vendor/laravel/framework/src/Illuminate/Container/Container.php(653): Illuminate\\Container\\BoundMethod::call(Object(Illuminate\\Foundation\\Application), Array, Array, NULL)
#7 /home/mrkreativez/public_html/shortstay.mrkreativez.com/vendor/laravel/framework/src/Illuminate/Foundation/Application.php(914): Illuminate\\Container\\Container->call(Array)
#8 /home/mrkreativez/public_html/shortstay.mrkreativez.com/vendor/laravel/framework/src/Illuminate/Foundation/Application.php(895): Illuminate\\Foundation\\Application->bootProvider(Object(App\\Providers\\AppServiceProvider))
#9 [internal function]: Illuminate\\Foundation\\Application->Illuminate\\Foundation\\{closure}(Object(App\\Providers\\AppServiceProvider), 37)
#10 /home/mrkreativez/public_html/shortstay.mrkreativez.com/vendor/laravel/framework/src/Illuminate/Foundation/Application.php(896): array_walk(Array, Object(Closure))
#11 /home/mrkreativez/public_html/shortstay.mrkreativez.com/vendor/laravel/framework/src/Illuminate/Foundation/Bootstrap/BootProviders.php(17): Illuminate\\Foundation\\Application->boot()
#12 /home/mrkreativez/public_html/shortstay.mrkreativez.com/vendor/laravel/framework/src/Illuminate/Foundation/Application.php(237): Illuminate\\Foundation\\Bootstrap\\BootProviders->bootstrap(Object(Illuminate\\Foundation\\Application))
#13 /home/mrkreativez/public_html/shortstay.mrkreativez.com/vendor/laravel/framework/src/Illuminate/Foundation/Http/Kernel.php(153): Illuminate\\Foundation\\Application->bootstrapWith(Array)
#14 /home/mrkreativez/public_html/shortstay.mrkreativez.com/vendor/laravel/framework/src/Illuminate/Foundation/Http/Kernel.php(137): Illuminate\\Foundation\\Http\\Kernel->bootstrap()
#15 /home/mrkreativez/public_html/shortstay.mrkreativez.com/vendor/laravel/framework/src/Illuminate/Foundation/Http/Kernel.php(111): Illuminate\\Foundation\\Http\\Kernel->sendRequestThroughRouter(Object(Illuminate\\Http\\Request))
#16 /home/mrkreativez/public_html/shortstay.mrkreativez.com/public/index.php(73): Illuminate\\Foundation\\Http\\Kernel->handle(Object(Illuminate\\Http\\Request))
#17 {main}
"} 
[2022-12-11 20:43:19] production.ERROR: symlink(): File exists {"exception":"[object] (ErrorException(code: 0): symlink(): File exists at /home/mrkreativez/public_html/shortstay.mrkreativez.com/app/Providers/AppServiceProvider.php:43)
[stacktrace]
#0 [internal function]: Illuminate\\Foundation\\Bootstrap\\HandleExceptions->handleError(2, 'symlink(): File...', '/home/mrkreativ...', 43, Array)
#1 /home/mrkreativez/public_html/shortstay.mrkreativez.com/app/Providers/AppServiceProvider.php(43): symlink('/home/mrkreativ...', '/home/mrkreativ...')
#2 /home/mrkreativez/public_html/shortstay.mrkreativez.com/vendor/laravel/framework/src/Illuminate/Container/BoundMethod.php(36): App\\Providers\\AppServiceProvider->boot(Object(Illuminate\\Http\\Request))
#3 /home/mrkreativez/public_html/shortstay.mrkreativez.com/vendor/laravel/framework/src/Illuminate/Container/Util.php(40): Illuminate\\Container\\BoundMethod::Illuminate\\Container\\{closure}()
#4 /home/mrkreativez/public_html/shortstay.mrkreativez.com/vendor/laravel/framework/src/Illuminate/Container/BoundMethod.php(93): Illuminate\\Container\\Util::unwrapIfClosure(Object(Closure))
#5 /home/mrkreativez/public_html/shortstay.mrkreativez.com/vendor/laravel/framework/src/Illuminate/Container/BoundMethod.php(37): Illuminate\\Container\\BoundMethod::callBoundMethod(Object(Illuminate\\Foundation\\Application), Array, Object(Closure))
#6 /home/mrkreativez/public_html/shortstay.mrkreativez.com/vendor/laravel/framework/src/Illuminate/Container/Container.php(653): Illuminate\\Container\\BoundMethod::call(Object(Illuminate\\Foundation\\Application), Array, Array, NULL)
#7 /home/mrkreativez/public_html/shortstay.mrkreativez.com/vendor/laravel/framework/src/Illuminate/Foundation/Application.php(914): Illuminate\\Container\\Container->call(Array)
#8 /home/mrkreativez/public_html/shortstay.mrkreativez.com/vendor/laravel/framework/src/Illuminate/Foundation/Application.php(895): Illuminate\\Foundation\\Application->bootProvider(Object(App\\Providers\\AppServiceProvider))
#9 [internal function]: Illuminate\\Foundation\\Application->Illuminate\\Foundation\\{closure}(Object(App\\Providers\\AppServiceProvider), 37)
#10 /home/mrkreativez/public_html/shortstay.mrkreativez.com/vendor/laravel/framework/src/Illuminate/Foundation/Application.php(896): array_walk(Array, Object(Closure))
#11 /home/mrkreativez/public_html/shortstay.mrkreativez.com/vendor/laravel/framework/src/Illuminate/Foundation/Bootstrap/BootProviders.php(17): Illuminate\\Foundation\\Application->boot()
#12 /home/mrkreativez/public_html/shortstay.mrkreativez.com/vendor/laravel/framework/src/Illuminate/Foundation/Application.php(237): Illuminate\\Foundation\\Bootstrap\\BootProviders->bootstrap(Object(Illuminate\\Foundation\\Application))
#13 /home/mrkreativez/public_html/shortstay.mrkreativez.com/vendor/laravel/framework/src/Illuminate/Foundation/Http/Kernel.php(153): Illuminate\\Foundation\\Application->bootstrapWith(Array)
#14 /home/mrkreativez/public_html/shortstay.mrkreativez.com/vendor/laravel/framework/src/Illuminate/Foundation/Http/Kernel.php(137): Illuminate\\Foundation\\Http\\Kernel->bootstrap()
#15 /home/mrkreativez/public_html/shortstay.mrkreativez.com/vendor/laravel/framework/src/Illuminate/Foundation/Http/Kernel.php(111): Illuminate\\Foundation\\Http\\Kernel->sendRequestThroughRouter(Object(Illuminate\\Http\\Request))
#16 /home/mrkreativez/public_html/shortstay.mrkreativez.com/public/index.php(73): Illuminate\\Foundation\\Http\\Kernel->handle(Object(Illuminate\\Http\\Request))
#17 {main}
"} 
[2022-12-11 20:43:40] production.ERROR: symlink(): File exists {"exception":"[object] (ErrorException(code: 0): symlink(): File exists at /home/mrkreativez/public_html/shortstay.mrkreativez.com/app/Providers/AppServiceProvider.php:43)
[stacktrace]
#0 [internal function]: Illuminate\\Foundation\\Bootstrap\\HandleExceptions->handleError(2, 'symlink(): File...', '/home/mrkreativ...', 43, Array)
#1 /home/mrkreativez/public_html/shortstay.mrkreativez.com/app/Providers/AppServiceProvider.php(43): symlink('/home/mrkreativ...', '/home/mrkreativ...')
#2 /home/mrkreativez/public_html/shortstay.mrkreativez.com/vendor/laravel/framework/src/Illuminate/Container/BoundMethod.php(36): App\\Providers\\AppServiceProvider->boot(Object(Illuminate\\Http\\Request))
#3 /home/mrkreativez/public_html/shortstay.mrkreativez.com/vendor/laravel/framework/src/Illuminate/Container/Util.php(40): Illuminate\\Container\\BoundMethod::Illuminate\\Container\\{closure}()
#4 /home/mrkreativez/public_html/shortstay.mrkreativez.com/vendor/laravel/framework/src/Illuminate/Container/BoundMethod.php(93): Illuminate\\Container\\Util::unwrapIfClosure(Object(Closure))
#5 /home/mrkreativez/public_html/shortstay.mrkreativez.com/vendor/laravel/framework/src/Illuminate/Container/BoundMethod.php(37): Illuminate\\Container\\BoundMethod::callBoundMethod(Object(Illuminate\\Foundation\\Application), Array, Object(Closure))
#6 /home/mrkreativez/public_html/shortstay.mrkreativez.com/vendor/laravel/framework/src/Illuminate/Container/Container.php(653): Illuminate\\Container\\BoundMethod::call(Object(Illuminate\\Foundation\\Application), Array, Array, NULL)
#7 /home/mrkreativez/public_html/shortstay.mrkreativez.com/vendor/laravel/framework/src/Illuminate/Foundation/Application.php(914): Illuminate\\Container\\Container->call(Array)
#8 /home/mrkreativez/public_html/shortstay.mrkreativez.com/vendor/laravel/framework/src/Illuminate/Foundation/Application.php(895): Illuminate\\Foundation\\Application->bootProvider(Object(App\\Providers\\AppServiceProvider))
#9 [internal function]: Illuminate\\Foundation\\Application->Illuminate\\Foundation\\{closure}(Object(App\\Providers\\AppServiceProvider), 37)
#10 /home/mrkreativez/public_html/shortstay.mrkreativez.com/vendor/laravel/framework/src/Illuminate/Foundation/Application.php(896): array_walk(Array, Object(Closure))
#11 /home/mrkreativez/public_html/shortstay.mrkreativez.com/vendor/laravel/framework/src/Illuminate/Foundation/Bootstrap/BootProviders.php(17): Illuminate\\Foundation\\Application->boot()
#12 /home/mrkreativez/public_html/shortstay.mrkreativez.com/vendor/laravel/framework/src/Illuminate/Foundation/Application.php(237): Illuminate\\Foundation\\Bootstrap\\BootProviders->bootstrap(Object(Illuminate\\Foundation\\Application))
#13 /home/mrkreativez/public_html/shortstay.mrkreativez.com/vendor/laravel/framework/src/Illuminate/Foundation/Http/Kernel.php(153): Illuminate\\Foundation\\Application->bootstrapWith(Array)
#14 /home/mrkreativez/public_html/shortstay.mrkreativez.com/vendor/laravel/framework/src/Illuminate/Foundation/Http/Kernel.php(137): Illuminate\\Foundation\\Http\\Kernel->bootstrap()
#15 /home/mrkreativez/public_html/shortstay.mrkreativez.com/vendor/laravel/framework/src/Illuminate/Foundation/Http/Kernel.php(111): Illuminate\\Foundation\\Http\\Kernel->sendRequestThroughRouter(Object(Illuminate\\Http\\Request))
#16 /home/mrkreativez/public_html/shortstay.mrkreativez.com/public/index.php(73): Illuminate\\Foundation\\Http\\Kernel->handle(Object(Illuminate\\Http\\Request))
#17 {main}
"} 
[2022-12-11 20:43:40] production.ERROR: symlink(): File exists {"exception":"[object] (ErrorException(code: 0): symlink(): File exists at /home/mrkreativez/public_html/shortstay.mrkreativez.com/app/Providers/AppServiceProvider.php:43)
[stacktrace]
#0 [internal function]: Illuminate\\Foundation\\Bootstrap\\HandleExceptions->handleError(2, 'symlink(): File...', '/home/mrkreativ...', 43, Array)
#1 /home/mrkreativez/public_html/shortstay.mrkreativez.com/app/Providers/AppServiceProvider.php(43): symlink('/home/mrkreativ...', '/home/mrkreativ...')
#2 /home/mrkreativez/public_html/shortstay.mrkreativez.com/vendor/laravel/framework/src/Illuminate/Container/BoundMethod.php(36): App\\Providers\\AppServiceProvider->boot(Object(Illuminate\\Http\\Request))
#3 /home/mrkreativez/public_html/shortstay.mrkreativez.com/vendor/laravel/framework/src/Illuminate/Container/Util.php(40): Illuminate\\Container\\BoundMethod::Illuminate\\Container\\{closure}()
#4 /home/mrkreativez/public_html/shortstay.mrkreativez.com/vendor/laravel/framework/src/Illuminate/Container/BoundMethod.php(93): Illuminate\\Container\\Util::unwrapIfClosure(Object(Closure))
#5 /home/mrkreativez/public_html/shortstay.mrkreativez.com/vendor/laravel/framework/src/Illuminate/Container/BoundMethod.php(37): Illuminate\\Container\\BoundMethod::callBoundMethod(Object(Illuminate\\Foundation\\Application), Array, Object(Closure))
#6 /home/mrkreativez/public_html/shortstay.mrkreativez.com/vendor/laravel/framework/src/Illuminate/Container/Container.php(653): Illuminate\\Container\\BoundMethod::call(Object(Illuminate\\Foundation\\Application), Array, Array, NULL)
#7 /home/mrkreativez/public_html/shortstay.mrkreativez.com/vendor/laravel/framework/src/Illuminate/Foundation/Application.php(914): Illuminate\\Container\\Container->call(Array)
#8 /home/mrkreativez/public_html/shortstay.mrkreativez.com/vendor/laravel/framework/src/Illuminate/Foundation/Application.php(895): Illuminate\\Foundation\\Application->bootProvider(Object(App\\Providers\\AppServiceProvider))
#9 [internal function]: Illuminate\\Foundation\\Application->Illuminate\\Foundation\\{closure}(Object(App\\Providers\\AppServiceProvider), 37)
#10 /home/mrkreativez/public_html/shortstay.mrkreativez.com/vendor/laravel/framework/src/Illuminate/Foundation/Application.php(896): array_walk(Array, Object(Closure))
#11 /home/mrkreativez/public_html/shortstay.mrkreativez.com/vendor/laravel/framework/src/Illuminate/Foundation/Bootstrap/BootProviders.php(17): Illuminate\\Foundation\\Application->boot()
#12 /home/mrkreativez/public_html/shortstay.mrkreativez.com/vendor/laravel/framework/src/Illuminate/Foundation/Application.php(237): Illuminate\\Foundation\\Bootstrap\\BootProviders->bootstrap(Object(Illuminate\\Foundation\\Application))
#13 /home/mrkreativez/public_html/shortstay.mrkreativez.com/vendor/laravel/framework/src/Illuminate/Foundation/Http/Kernel.php(153): Illuminate\\Foundation\\Application->bootstrapWith(Array)
#14 /home/mrkreativez/public_html/shortstay.mrkreativez.com/vendor/laravel/framework/src/Illuminate/Foundation/Http/Kernel.php(137): Illuminate\\Foundation\\Http\\Kernel->bootstrap()
#15 /home/mrkreativez/public_html/shortstay.mrkreativez.com/vendor/laravel/framework/src/Illuminate/Foundation/Http/Kernel.php(111): Illuminate\\Foundation\\Http\\Kernel->sendRequestThroughRouter(Object(Illuminate\\Http\\Request))
#16 /home/mrkreativez/public_html/shortstay.mrkreativez.com/public/index.php(73): Illuminate\\Foundation\\Http\\Kernel->handle(Object(Illuminate\\Http\\Request))
#17 {main}
"} 
[2022-12-11 20:43:40] production.ERROR: symlink(): File exists {"exception":"[object] (ErrorException(code: 0): symlink(): File exists at /home/mrkreativez/public_html/shortstay.mrkreativez.com/app/Providers/AppServiceProvider.php:43)
[stacktrace]
#0 [internal function]: Illuminate\\Foundation\\Bootstrap\\HandleExceptions->handleError(2, 'symlink(): File...', '/home/mrkreativ...', 43, Array)
#1 /home/mrkreativez/public_html/shortstay.mrkreativez.com/app/Providers/AppServiceProvider.php(43): symlink('/home/mrkreativ...', '/home/mrkreativ...')
#2 /home/mrkreativez/public_html/shortstay.mrkreativez.com/vendor/laravel/framework/src/Illuminate/Container/BoundMethod.php(36): App\\Providers\\AppServiceProvider->boot(Object(Illuminate\\Http\\Request))
#3 /home/mrkreativez/public_html/shortstay.mrkreativez.com/vendor/laravel/framework/src/Illuminate/Container/Util.php(40): Illuminate\\Container\\BoundMethod::Illuminate\\Container\\{closure}()
#4 /home/mrkreativez/public_html/shortstay.mrkreativez.com/vendor/laravel/framework/src/Illuminate/Container/BoundMethod.php(93): Illuminate\\Container\\Util::unwrapIfClosure(Object(Closure))
#5 /home/mrkreativez/public_html/shortstay.mrkreativez.com/vendor/laravel/framework/src/Illuminate/Container/BoundMethod.php(37): Illuminate\\Container\\BoundMethod::callBoundMethod(Object(Illuminate\\Foundation\\Application), Array, Object(Closure))
#6 /home/mrkreativez/public_html/shortstay.mrkreativez.com/vendor/laravel/framework/src/Illuminate/Container/Container.php(653): Illuminate\\Container\\BoundMethod::call(Object(Illuminate\\Foundation\\Application), Array, Array, NULL)
#7 /home/mrkreativez/public_html/shortstay.mrkreativez.com/vendor/laravel/framework/src/Illuminate/Foundation/Application.php(914): Illuminate\\Container\\Container->call(Array)
#8 /home/mrkreativez/public_html/shortstay.mrkreativez.com/vendor/laravel/framework/src/Illuminate/Foundation/Application.php(895): Illuminate\\Foundation\\Application->bootProvider(Object(App\\Providers\\AppServiceProvider))
#9 [internal function]: Illuminate\\Foundation\\Application->Illuminate\\Foundation\\{closure}(Object(App\\Providers\\AppServiceProvider), 37)
#10 /home/mrkreativez/public_html/shortstay.mrkreativez.com/vendor/laravel/framework/src/Illuminate/Foundation/Application.php(896): array_walk(Array, Object(Closure))
#11 /home/mrkreativez/public_html/shortstay.mrkreativez.com/vendor/laravel/framework/src/Illuminate/Foundation/Bootstrap/BootProviders.php(17): Illuminate\\Foundation\\Application->boot()
#12 /home/mrkreativez/public_html/shortstay.mrkreativez.com/vendor/laravel/framework/src/Illuminate/Foundation/Application.php(237): Illuminate\\Foundation\\Bootstrap\\BootProviders->bootstrap(Object(Illuminate\\Foundation\\Application))
#13 /home/mrkreativez/public_html/shortstay.mrkreativez.com/vendor/laravel/framework/src/Illuminate/Foundation/Http/Kernel.php(153): Illuminate\\Foundation\\Application->bootstrapWith(Array)
#14 /home/mrkreativez/public_html/shortstay.mrkreativez.com/vendor/laravel/framework/src/Illuminate/Foundation/Http/Kernel.php(137): Illuminate\\Foundation\\Http\\Kernel->bootstrap()
#15 /home/mrkreativez/public_html/shortstay.mrkreativez.com/vendor/laravel/framework/src/Illuminate/Foundation/Http/Kernel.php(111): Illuminate\\Foundation\\Http\\Kernel->sendRequestThroughRouter(Object(Illuminate\\Http\\Request))
#16 /home/mrkreativez/public_html/shortstay.mrkreativez.com/public/index.php(73): Illuminate\\Foundation\\Http\\Kernel->handle(Object(Illuminate\\Http\\Request))
#17 {main}
"} 
[2022-12-11 20:43:40] production.ERROR: symlink(): File exists {"exception":"[object] (ErrorException(code: 0): symlink(): File exists at /home/mrkreativez/public_html/shortstay.mrkreativez.com/app/Providers/AppServiceProvider.php:43)
[stacktrace]
#0 [internal function]: Illuminate\\Foundation\\Bootstrap\\HandleExceptions->handleError(2, 'symlink(): File...', '/home/mrkreativ...', 43, Array)
#1 /home/mrkreativez/public_html/shortstay.mrkreativez.com/app/Providers/AppServiceProvider.php(43): symlink('/home/mrkreativ...', '/home/mrkreativ...')
#2 /home/mrkreativez/public_html/shortstay.mrkreativez.com/vendor/laravel/framework/src/Illuminate/Container/BoundMethod.php(36): App\\Providers\\AppServiceProvider->boot(Object(Illuminate\\Http\\Request))
#3 /home/mrkreativez/public_html/shortstay.mrkreativez.com/vendor/laravel/framework/src/Illuminate/Container/Util.php(40): Illuminate\\Container\\BoundMethod::Illuminate\\Container\\{closure}()
#4 /home/mrkreativez/public_html/shortstay.mrkreativez.com/vendor/laravel/framework/src/Illuminate/Container/BoundMethod.php(93): Illuminate\\Container\\Util::unwrapIfClosure(Object(Closure))
#5 /home/mrkreativez/public_html/shortstay.mrkreativez.com/vendor/laravel/framework/src/Illuminate/Container/BoundMethod.php(37): Illuminate\\Container\\BoundMethod::callBoundMethod(Object(Illuminate\\Foundation\\Application), Array, Object(Closure))
#6 /home/mrkreativez/public_html/shortstay.mrkreativez.com/vendor/laravel/framework/src/Illuminate/Container/Container.php(653): Illuminate\\Container\\BoundMethod::call(Object(Illuminate\\Foundation\\Application), Array, Array, NULL)
#7 /home/mrkreativez/public_html/shortstay.mrkreativez.com/vendor/laravel/framework/src/Illuminate/Foundation/Application.php(914): Illuminate\\Container\\Container->call(Array)
#8 /home/mrkreativez/public_html/shortstay.mrkreativez.com/vendor/laravel/framework/src/Illuminate/Foundation/Application.php(895): Illuminate\\Foundation\\Application->bootProvider(Object(App\\Providers\\AppServiceProvider))
#9 [internal function]: Illuminate\\Foundation\\Application->Illuminate\\Foundation\\{closure}(Object(App\\Providers\\AppServiceProvider), 37)
#10 /home/mrkreativez/public_html/shortstay.mrkreativez.com/vendor/laravel/framework/src/Illuminate/Foundation/Application.php(896): array_walk(Array, Object(Closure))
#11 /home/mrkreativez/public_html/shortstay.mrkreativez.com/vendor/laravel/framework/src/Illuminate/Foundation/Bootstrap/BootProviders.php(17): Illuminate\\Foundation\\Application->boot()
#12 /home/mrkreativez/public_html/shortstay.mrkreativez.com/vendor/laravel/framework/src/Illuminate/Foundation/Application.php(237): Illuminate\\Foundation\\Bootstrap\\BootProviders->bootstrap(Object(Illuminate\\Foundation\\Application))
#13 /home/mrkreativez/public_html/shortstay.mrkreativez.com/vendor/laravel/framework/src/Illuminate/Foundation/Http/Kernel.php(153): Illuminate\\Foundation\\Application->bootstrapWith(Array)
#14 /home/mrkreativez/public_html/shortstay.mrkreativez.com/vendor/laravel/framework/src/Illuminate/Foundation/Http/Kernel.php(137): Illuminate\\Foundation\\Http\\Kernel->bootstrap()
#15 /home/mrkreativez/public_html/shortstay.mrkreativez.com/vendor/laravel/framework/src/Illuminate/Foundation/Http/Kernel.php(111): Illuminate\\Foundation\\Http\\Kernel->sendRequestThroughRouter(Object(Illuminate\\Http\\Request))
#16 /home/mrkreativez/public_html/shortstay.mrkreativez.com/public/index.php(73): Illuminate\\Foundation\\Http\\Kernel->handle(Object(Illuminate\\Http\\Request))
#17 {main}
"} 
[2022-12-11 20:43:55] production.ERROR: symlink(): File exists {"exception":"[object] (ErrorException(code: 0): symlink(): File exists at /home/mrkreativez/public_html/shortstay.mrkreativez.com/app/Providers/AppServiceProvider.php:43)
[stacktrace]
#0 [internal function]: Illuminate\\Foundation\\Bootstrap\\HandleExceptions->handleError(2, 'symlink(): File...', '/home/mrkreativ...', 43, Array)
#1 /home/mrkreativez/public_html/shortstay.mrkreativez.com/app/Providers/AppServiceProvider.php(43): symlink('/home/mrkreativ...', '/home/mrkreativ...')
#2 /home/mrkreativez/public_html/shortstay.mrkreativez.com/vendor/laravel/framework/src/Illuminate/Container/BoundMethod.php(36): App\\Providers\\AppServiceProvider->boot(Object(Illuminate\\Http\\Request))
#3 /home/mrkreativez/public_html/shortstay.mrkreativez.com/vendor/laravel/framework/src/Illuminate/Container/Util.php(40): Illuminate\\Container\\BoundMethod::Illuminate\\Container\\{closure}()
#4 /home/mrkreativez/public_html/shortstay.mrkreativez.com/vendor/laravel/framework/src/Illuminate/Container/BoundMethod.php(93): Illuminate\\Container\\Util::unwrapIfClosure(Object(Closure))
#5 /home/mrkreativez/public_html/shortstay.mrkreativez.com/vendor/laravel/framework/src/Illuminate/Container/BoundMethod.php(37): Illuminate\\Container\\BoundMethod::callBoundMethod(Object(Illuminate\\Foundation\\Application), Array, Object(Closure))
#6 /home/mrkreativez/public_html/shortstay.mrkreativez.com/vendor/laravel/framework/src/Illuminate/Container/Container.php(653): Illuminate\\Container\\BoundMethod::call(Object(Illuminate\\Foundation\\Application), Array, Array, NULL)
#7 /home/mrkreativez/public_html/shortstay.mrkreativez.com/vendor/laravel/framework/src/Illuminate/Foundation/Application.php(914): Illuminate\\Container\\Container->call(Array)
#8 /home/mrkreativez/public_html/shortstay.mrkreativez.com/vendor/laravel/framework/src/Illuminate/Foundation/Application.php(895): Illuminate\\Foundation\\Application->bootProvider(Object(App\\Providers\\AppServiceProvider))
#9 [internal function]: Illuminate\\Foundation\\Application->Illuminate\\Foundation\\{closure}(Object(App\\Providers\\AppServiceProvider), 37)
#10 /home/mrkreativez/public_html/shortstay.mrkreativez.com/vendor/laravel/framework/src/Illuminate/Foundation/Application.php(896): array_walk(Array, Object(Closure))
#11 /home/mrkreativez/public_html/shortstay.mrkreativez.com/vendor/laravel/framework/src/Illuminate/Foundation/Bootstrap/BootProviders.php(17): Illuminate\\Foundation\\Application->boot()
#12 /home/mrkreativez/public_html/shortstay.mrkreativez.com/vendor/laravel/framework/src/Illuminate/Foundation/Application.php(237): Illuminate\\Foundation\\Bootstrap\\BootProviders->bootstrap(Object(Illuminate\\Foundation\\Application))
#13 /home/mrkreativez/public_html/shortstay.mrkreativez.com/vendor/laravel/framework/src/Illuminate/Foundation/Http/Kernel.php(153): Illuminate\\Foundation\\Application->bootstrapWith(Array)
#14 /home/mrkreativez/public_html/shortstay.mrkreativez.com/vendor/laravel/framework/src/Illuminate/Foundation/Http/Kernel.php(137): Illuminate\\Foundation\\Http\\Kernel->bootstrap()
#15 /home/mrkreativez/public_html/shortstay.mrkreativez.com/vendor/laravel/framework/src/Illuminate/Foundation/Http/Kernel.php(111): Illuminate\\Foundation\\Http\\Kernel->sendRequestThroughRouter(Object(Illuminate\\Http\\Request))
#16 /home/mrkreativez/public_html/shortstay.mrkreativez.com/public/index.php(73): Illuminate\\Foundation\\Http\\Kernel->handle(Object(Illuminate\\Http\\Request))
#17 {main}
"} 
[2022-12-11 20:44:01] production.ERROR: symlink(): File exists {"exception":"[object] (ErrorException(code: 0): symlink(): File exists at /home/mrkreativez/public_html/shortstay.mrkreativez.com/app/Providers/AppServiceProvider.php:43)
[stacktrace]
#0 [internal function]: Illuminate\\Foundation\\Bootstrap\\HandleExceptions->handleError(2, 'symlink(): File...', '/home/mrkreativ...', 43, Array)
#1 /home/mrkreativez/public_html/shortstay.mrkreativez.com/app/Providers/AppServiceProvider.php(43): symlink('/home/mrkreativ...', '/home/mrkreativ...')
#2 /home/mrkreativez/public_html/shortstay.mrkreativez.com/vendor/laravel/framework/src/Illuminate/Container/BoundMethod.php(36): App\\Providers\\AppServiceProvider->boot(Object(Illuminate\\Http\\Request))
#3 /home/mrkreativez/public_html/shortstay.mrkreativez.com/vendor/laravel/framework/src/Illuminate/Container/Util.php(40): Illuminate\\Container\\BoundMethod::Illuminate\\Container\\{closure}()
#4 /home/mrkreativez/public_html/shortstay.mrkreativez.com/vendor/laravel/framework/src/Illuminate/Container/BoundMethod.php(93): Illuminate\\Container\\Util::unwrapIfClosure(Object(Closure))
#5 /home/mrkreativez/public_html/shortstay.mrkreativez.com/vendor/laravel/framework/src/Illuminate/Container/BoundMethod.php(37): Illuminate\\Container\\BoundMethod::callBoundMethod(Object(Illuminate\\Foundation\\Application), Array, Object(Closure))
#6 /home/mrkreativez/public_html/shortstay.mrkreativez.com/vendor/laravel/framework/src/Illuminate/Container/Container.php(653): Illuminate\\Container\\BoundMethod::call(Object(Illuminate\\Foundation\\Application), Array, Array, NULL)
#7 /home/mrkreativez/public_html/shortstay.mrkreativez.com/vendor/laravel/framework/src/Illuminate/Foundation/Application.php(914): Illuminate\\Container\\Container->call(Array)
#8 /home/mrkreativez/public_html/shortstay.mrkreativez.com/vendor/laravel/framework/src/Illuminate/Foundation/Application.php(895): Illuminate\\Foundation\\Application->bootProvider(Object(App\\Providers\\AppServiceProvider))
#9 [internal function]: Illuminate\\Foundation\\Application->Illuminate\\Foundation\\{closure}(Object(App\\Providers\\AppServiceProvider), 37)
#10 /home/mrkreativez/public_html/shortstay.mrkreativez.com/vendor/laravel/framework/src/Illuminate/Foundation/Application.php(896): array_walk(Array, Object(Closure))
#11 /home/mrkreativez/public_html/shortstay.mrkreativez.com/vendor/laravel/framework/src/Illuminate/Foundation/Bootstrap/BootProviders.php(17): Illuminate\\Foundation\\Application->boot()
#12 /home/mrkreativez/public_html/shortstay.mrkreativez.com/vendor/laravel/framework/src/Illuminate/Foundation/Application.php(237): Illuminate\\Foundation\\Bootstrap\\BootProviders->bootstrap(Object(Illuminate\\Foundation\\Application))
#13 /home/mrkreativez/public_html/shortstay.mrkreativez.com/vendor/laravel/framework/src/Illuminate/Foundation/Http/Kernel.php(153): Illuminate\\Foundation\\Application->bootstrapWith(Array)
#14 /home/mrkreativez/public_html/shortstay.mrkreativez.com/vendor/laravel/framework/src/Illuminate/Foundation/Http/Kernel.php(137): Illuminate\\Foundation\\Http\\Kernel->bootstrap()
#15 /home/mrkreativez/public_html/shortstay.mrkreativez.com/vendor/laravel/framework/src/Illuminate/Foundation/Http/Kernel.php(111): Illuminate\\Foundation\\Http\\Kernel->sendRequestThroughRouter(Object(Illuminate\\Http\\Request))
#16 /home/mrkreativez/public_html/shortstay.mrkreativez.com/public/index.php(73): Illuminate\\Foundation\\Http\\Kernel->handle(Object(Illuminate\\Http\\Request))
#17 {main}
"} 
[2022-12-11 20:44:02] production.ERROR: symlink(): File exists {"exception":"[object] (ErrorException(code: 0): symlink(): File exists at /home/mrkreativez/public_html/shortstay.mrkreativez.com/app/Providers/AppServiceProvider.php:43)
[stacktrace]
#0 [internal function]: Illuminate\\Foundation\\Bootstrap\\HandleExceptions->handleError(2, 'symlink(): File...', '/home/mrkreativ...', 43, Array)
#1 /home/mrkreativez/public_html/shortstay.mrkreativez.com/app/Providers/AppServiceProvider.php(43): symlink('/home/mrkreativ...', '/home/mrkreativ...')
#2 /home/mrkreativez/public_html/shortstay.mrkreativez.com/vendor/laravel/framework/src/Illuminate/Container/BoundMethod.php(36): App\\Providers\\AppServiceProvider->boot(Object(Illuminate\\Http\\Request))
#3 /home/mrkreativez/public_html/shortstay.mrkreativez.com/vendor/laravel/framework/src/Illuminate/Container/Util.php(40): Illuminate\\Container\\BoundMethod::Illuminate\\Container\\{closure}()
#4 /home/mrkreativez/public_html/shortstay.mrkreativez.com/vendor/laravel/framework/src/Illuminate/Container/BoundMethod.php(93): Illuminate\\Container\\Util::unwrapIfClosure(Object(Closure))
#5 /home/mrkreativez/public_html/shortstay.mrkreativez.com/vendor/laravel/framework/src/Illuminate/Container/BoundMethod.php(37): Illuminate\\Container\\BoundMethod::callBoundMethod(Object(Illuminate\\Foundation\\Application), Array, Object(Closure))
#6 /home/mrkreativez/public_html/shortstay.mrkreativez.com/vendor/laravel/framework/src/Illuminate/Container/Container.php(653): Illuminate\\Container\\BoundMethod::call(Object(Illuminate\\Foundation\\Application), Array, Array, NULL)
#7 /home/mrkreativez/public_html/shortstay.mrkreativez.com/vendor/laravel/framework/src/Illuminate/Foundation/Application.php(914): Illuminate\\Container\\Container->call(Array)
#8 /home/mrkreativez/public_html/shortstay.mrkreativez.com/vendor/laravel/framework/src/Illuminate/Foundation/Application.php(895): Illuminate\\Foundation\\Application->bootProvider(Object(App\\Providers\\AppServiceProvider))
#9 [internal function]: Illuminate\\Foundation\\Application->Illuminate\\Foundation\\{closure}(Object(App\\Providers\\AppServiceProvider), 37)
#10 /home/mrkreativez/public_html/shortstay.mrkreativez.com/vendor/laravel/framework/src/Illuminate/Foundation/Application.php(896): array_walk(Array, Object(Closure))
#11 /home/mrkreativez/public_html/shortstay.mrkreativez.com/vendor/laravel/framework/src/Illuminate/Foundation/Bootstrap/BootProviders.php(17): Illuminate\\Foundation\\Application->boot()
#12 /home/mrkreativez/public_html/shortstay.mrkreativez.com/vendor/laravel/framework/src/Illuminate/Foundation/Application.php(237): Illuminate\\Foundation\\Bootstrap\\BootProviders->bootstrap(Object(Illuminate\\Foundation\\Application))
#13 /home/mrkreativez/public_html/shortstay.mrkreativez.com/vendor/laravel/framework/src/Illuminate/Foundation/Http/Kernel.php(153): Illuminate\\Foundation\\Application->bootstrapWith(Array)
#14 /home/mrkreativez/public_html/shortstay.mrkreativez.com/vendor/laravel/framework/src/Illuminate/Foundation/Http/Kernel.php(137): Illuminate\\Foundation\\Http\\Kernel->bootstrap()
#15 /home/mrkreativez/public_html/shortstay.mrkreativez.com/vendor/laravel/framework/src/Illuminate/Foundation/Http/Kernel.php(111): Illuminate\\Foundation\\Http\\Kernel->sendRequestThroughRouter(Object(Illuminate\\Http\\Request))
#16 /home/mrkreativez/public_html/shortstay.mrkreativez.com/public/index.php(73): Illuminate\\Foundation\\Http\\Kernel->handle(Object(Illuminate\\Http\\Request))
#17 {main}
"} 
[2022-12-11 20:44:30] production.ERROR: symlink(): File exists {"exception":"[object] (ErrorException(code: 0): symlink(): File exists at /home/mrkreativez/public_html/shortstay.mrkreativez.com/app/Providers/AppServiceProvider.php:43)
[stacktrace]
#0 [internal function]: Illuminate\\Foundation\\Bootstrap\\HandleExceptions->handleError(2, 'symlink(): File...', '/home/mrkreativ...', 43, Array)
#1 /home/mrkreativez/public_html/shortstay.mrkreativez.com/app/Providers/AppServiceProvider.php(43): symlink('/home/mrkreativ...', '/home/mrkreativ...')
#2 /home/mrkreativez/public_html/shortstay.mrkreativez.com/vendor/laravel/framework/src/Illuminate/Container/BoundMethod.php(36): App\\Providers\\AppServiceProvider->boot(Object(Illuminate\\Http\\Request))
#3 /home/mrkreativez/public_html/shortstay.mrkreativez.com/vendor/laravel/framework/src/Illuminate/Container/Util.php(40): Illuminate\\Container\\BoundMethod::Illuminate\\Container\\{closure}()
#4 /home/mrkreativez/public_html/shortstay.mrkreativez.com/vendor/laravel/framework/src/Illuminate/Container/BoundMethod.php(93): Illuminate\\Container\\Util::unwrapIfClosure(Object(Closure))
#5 /home/mrkreativez/public_html/shortstay.mrkreativez.com/vendor/laravel/framework/src/Illuminate/Container/BoundMethod.php(37): Illuminate\\Container\\BoundMethod::callBoundMethod(Object(Illuminate\\Foundation\\Application), Array, Object(Closure))
#6 /home/mrkreativez/public_html/shortstay.mrkreativez.com/vendor/laravel/framework/src/Illuminate/Container/Container.php(653): Illuminate\\Container\\BoundMethod::call(Object(Illuminate\\Foundation\\Application), Array, Array, NULL)
#7 /home/mrkreativez/public_html/shortstay.mrkreativez.com/vendor/laravel/framework/src/Illuminate/Foundation/Application.php(914): Illuminate\\Container\\Container->call(Array)
#8 /home/mrkreativez/public_html/shortstay.mrkreativez.com/vendor/laravel/framework/src/Illuminate/Foundation/Application.php(895): Illuminate\\Foundation\\Application->bootProvider(Object(App\\Providers\\AppServiceProvider))
#9 [internal function]: Illuminate\\Foundation\\Application->Illuminate\\Foundation\\{closure}(Object(App\\Providers\\AppServiceProvider), 37)
#10 /home/mrkreativez/public_html/shortstay.mrkreativez.com/vendor/laravel/framework/src/Illuminate/Foundation/Application.php(896): array_walk(Array, Object(Closure))
#11 /home/mrkreativez/public_html/shortstay.mrkreativez.com/vendor/laravel/framework/src/Illuminate/Foundation/Bootstrap/BootProviders.php(17): Illuminate\\Foundation\\Application->boot()
#12 /home/mrkreativez/public_html/shortstay.mrkreativez.com/vendor/laravel/framework/src/Illuminate/Foundation/Application.php(237): Illuminate\\Foundation\\Bootstrap\\BootProviders->bootstrap(Object(Illuminate\\Foundation\\Application))
#13 /home/mrkreativez/public_html/shortstay.mrkreativez.com/vendor/laravel/framework/src/Illuminate/Foundation/Http/Kernel.php(153): Illuminate\\Foundation\\Application->bootstrapWith(Array)
#14 /home/mrkreativez/public_html/shortstay.mrkreativez.com/vendor/laravel/framework/src/Illuminate/Foundation/Http/Kernel.php(137): Illuminate\\Foundation\\Http\\Kernel->bootstrap()
#15 /home/mrkreativez/public_html/shortstay.mrkreativez.com/vendor/laravel/framework/src/Illuminate/Foundation/Http/Kernel.php(111): Illuminate\\Foundation\\Http\\Kernel->sendRequestThroughRouter(Object(Illuminate\\Http\\Request))
#16 /home/mrkreativez/public_html/shortstay.mrkreativez.com/public/index.php(73): Illuminate\\Foundation\\Http\\Kernel->handle(Object(Illuminate\\Http\\Request))
#17 {main}
"} 
[2022-12-11 20:44:39] production.ERROR: symlink(): File exists {"exception":"[object] (ErrorException(code: 0): symlink(): File exists at /home/mrkreativez/public_html/shortstay.mrkreativez.com/app/Providers/AppServiceProvider.php:43)
[stacktrace]
#0 [internal function]: Illuminate\\Foundation\\Bootstrap\\HandleExceptions->handleError(2, 'symlink(): File...', '/home/mrkreativ...', 43, Array)
#1 /home/mrkreativez/public_html/shortstay.mrkreativez.com/app/Providers/AppServiceProvider.php(43): symlink('/home/mrkreativ...', '/home/mrkreativ...')
#2 /home/mrkreativez/public_html/shortstay.mrkreativez.com/vendor/laravel/framework/src/Illuminate/Container/BoundMethod.php(36): App\\Providers\\AppServiceProvider->boot(Object(Illuminate\\Http\\Request))
#3 /home/mrkreativez/public_html/shortstay.mrkreativez.com/vendor/laravel/framework/src/Illuminate/Container/Util.php(40): Illuminate\\Container\\BoundMethod::Illuminate\\Container\\{closure}()
#4 /home/mrkreativez/public_html/shortstay.mrkreativez.com/vendor/laravel/framework/src/Illuminate/Container/BoundMethod.php(93): Illuminate\\Container\\Util::unwrapIfClosure(Object(Closure))
#5 /home/mrkreativez/public_html/shortstay.mrkreativez.com/vendor/laravel/framework/src/Illuminate/Container/BoundMethod.php(37): Illuminate\\Container\\BoundMethod::callBoundMethod(Object(Illuminate\\Foundation\\Application), Array, Object(Closure))
#6 /home/mrkreativez/public_html/shortstay.mrkreativez.com/vendor/laravel/framework/src/Illuminate/Container/Container.php(653): Illuminate\\Container\\BoundMethod::call(Object(Illuminate\\Foundation\\Application), Array, Array, NULL)
#7 /home/mrkreativez/public_html/shortstay.mrkreativez.com/vendor/laravel/framework/src/Illuminate/Foundation/Application.php(914): Illuminate\\Container\\Container->call(Array)
#8 /home/mrkreativez/public_html/shortstay.mrkreativez.com/vendor/laravel/framework/src/Illuminate/Foundation/Application.php(895): Illuminate\\Foundation\\Application->bootProvider(Object(App\\Providers\\AppServiceProvider))
#9 [internal function]: Illuminate\\Foundation\\Application->Illuminate\\Foundation\\{closure}(Object(App\\Providers\\AppServiceProvider), 37)
#10 /home/mrkreativez/public_html/shortstay.mrkreativez.com/vendor/laravel/framework/src/Illuminate/Foundation/Application.php(896): array_walk(Array, Object(Closure))
#11 /home/mrkreativez/public_html/shortstay.mrkreativez.com/vendor/laravel/framework/src/Illuminate/Foundation/Bootstrap/BootProviders.php(17): Illuminate\\Foundation\\Application->boot()
#12 /home/mrkreativez/public_html/shortstay.mrkreativez.com/vendor/laravel/framework/src/Illuminate/Foundation/Application.php(237): Illuminate\\Foundation\\Bootstrap\\BootProviders->bootstrap(Object(Illuminate\\Foundation\\Application))
#13 /home/mrkreativez/public_html/shortstay.mrkreativez.com/vendor/laravel/framework/src/Illuminate/Foundation/Http/Kernel.php(153): Illuminate\\Foundation\\Application->bootstrapWith(Array)
#14 /home/mrkreativez/public_html/shortstay.mrkreativez.com/vendor/laravel/framework/src/Illuminate/Foundation/Http/Kernel.php(137): Illuminate\\Foundation\\Http\\Kernel->bootstrap()
#15 /home/mrkreativez/public_html/shortstay.mrkreativez.com/vendor/laravel/framework/src/Illuminate/Foundation/Http/Kernel.php(111): Illuminate\\Foundation\\Http\\Kernel->sendRequestThroughRouter(Object(Illuminate\\Http\\Request))
#16 /home/mrkreativez/public_html/shortstay.mrkreativez.com/public/index.php(73): Illuminate\\Foundation\\Http\\Kernel->handle(Object(Illuminate\\Http\\Request))
#17 {main}
"} 
[2022-12-11 20:45:04] production.ERROR: symlink(): File exists {"exception":"[object] (ErrorException(code: 0): symlink(): File exists at /home/mrkreativez/public_html/shortstay.mrkreativez.com/app/Providers/AppServiceProvider.php:43)
[stacktrace]
#0 [internal function]: Illuminate\\Foundation\\Bootstrap\\HandleExceptions->handleError(2, 'symlink(): File...', '/home/mrkreativ...', 43, Array)
#1 /home/mrkreativez/public_html/shortstay.mrkreativez.com/app/Providers/AppServiceProvider.php(43): symlink('/home/mrkreativ...', '/home/mrkreativ...')
#2 /home/mrkreativez/public_html/shortstay.mrkreativez.com/vendor/laravel/framework/src/Illuminate/Container/BoundMethod.php(36): App\\Providers\\AppServiceProvider->boot(Object(Illuminate\\Http\\Request))
#3 /home/mrkreativez/public_html/shortstay.mrkreativez.com/vendor/laravel/framework/src/Illuminate/Container/Util.php(40): Illuminate\\Container\\BoundMethod::Illuminate\\Container\\{closure}()
#4 /home/mrkreativez/public_html/shortstay.mrkreativez.com/vendor/laravel/framework/src/Illuminate/Container/BoundMethod.php(93): Illuminate\\Container\\Util::unwrapIfClosure(Object(Closure))
#5 /home/mrkreativez/public_html/shortstay.mrkreativez.com/vendor/laravel/framework/src/Illuminate/Container/BoundMethod.php(37): Illuminate\\Container\\BoundMethod::callBoundMethod(Object(Illuminate\\Foundation\\Application), Array, Object(Closure))
#6 /home/mrkreativez/public_html/shortstay.mrkreativez.com/vendor/laravel/framework/src/Illuminate/Container/Container.php(653): Illuminate\\Container\\BoundMethod::call(Object(Illuminate\\Foundation\\Application), Array, Array, NULL)
#7 /home/mrkreativez/public_html/shortstay.mrkreativez.com/vendor/laravel/framework/src/Illuminate/Foundation/Application.php(914): Illuminate\\Container\\Container->call(Array)
#8 /home/mrkreativez/public_html/shortstay.mrkreativez.com/vendor/laravel/framework/src/Illuminate/Foundation/Application.php(895): Illuminate\\Foundation\\Application->bootProvider(Object(App\\Providers\\AppServiceProvider))
#9 [internal function]: Illuminate\\Foundation\\Application->Illuminate\\Foundation\\{closure}(Object(App\\Providers\\AppServiceProvider), 37)
#10 /home/mrkreativez/public_html/shortstay.mrkreativez.com/vendor/laravel/framework/src/Illuminate/Foundation/Application.php(896): array_walk(Array, Object(Closure))
#11 /home/mrkreativez/public_html/shortstay.mrkreativez.com/vendor/laravel/framework/src/Illuminate/Foundation/Bootstrap/BootProviders.php(17): Illuminate\\Foundation\\Application->boot()
#12 /home/mrkreativez/public_html/shortstay.mrkreativez.com/vendor/laravel/framework/src/Illuminate/Foundation/Application.php(237): Illuminate\\Foundation\\Bootstrap\\BootProviders->bootstrap(Object(Illuminate\\Foundation\\Application))
#13 /home/mrkreativez/public_html/shortstay.mrkreativez.com/vendor/laravel/framework/src/Illuminate/Foundation/Http/Kernel.php(153): Illuminate\\Foundation\\Application->bootstrapWith(Array)
#14 /home/mrkreativez/public_html/shortstay.mrkreativez.com/vendor/laravel/framework/src/Illuminate/Foundation/Http/Kernel.php(137): Illuminate\\Foundation\\Http\\Kernel->bootstrap()
#15 /home/mrkreativez/public_html/shortstay.mrkreativez.com/vendor/laravel/framework/src/Illuminate/Foundation/Http/Kernel.php(111): Illuminate\\Foundation\\Http\\Kernel->sendRequestThroughRouter(Object(Illuminate\\Http\\Request))
#16 /home/mrkreativez/public_html/shortstay.mrkreativez.com/public/index.php(73): Illuminate\\Foundation\\Http\\Kernel->handle(Object(Illuminate\\Http\\Request))
#17 {main}
"} 
[2022-12-11 20:45:21] production.ERROR: symlink(): File exists {"exception":"[object] (ErrorException(code: 0): symlink(): File exists at /home/mrkreativez/public_html/shortstay.mrkreativez.com/app/Providers/AppServiceProvider.php:43)
[stacktrace]
#0 [internal function]: Illuminate\\Foundation\\Bootstrap\\HandleExceptions->handleError(2, 'symlink(): File...', '/home/mrkreativ...', 43, Array)
#1 /home/mrkreativez/public_html/shortstay.mrkreativez.com/app/Providers/AppServiceProvider.php(43): symlink('/home/mrkreativ...', '/home/mrkreativ...')
#2 /home/mrkreativez/public_html/shortstay.mrkreativez.com/vendor/laravel/framework/src/Illuminate/Container/BoundMethod.php(36): App\\Providers\\AppServiceProvider->boot(Object(Illuminate\\Http\\Request))
#3 /home/mrkreativez/public_html/shortstay.mrkreativez.com/vendor/laravel/framework/src/Illuminate/Container/Util.php(40): Illuminate\\Container\\BoundMethod::Illuminate\\Container\\{closure}()
#4 /home/mrkreativez/public_html/shortstay.mrkreativez.com/vendor/laravel/framework/src/Illuminate/Container/BoundMethod.php(93): Illuminate\\Container\\Util::unwrapIfClosure(Object(Closure))
#5 /home/mrkreativez/public_html/shortstay.mrkreativez.com/vendor/laravel/framework/src/Illuminate/Container/BoundMethod.php(37): Illuminate\\Container\\BoundMethod::callBoundMethod(Object(Illuminate\\Foundation\\Application), Array, Object(Closure))
#6 /home/mrkreativez/public_html/shortstay.mrkreativez.com/vendor/laravel/framework/src/Illuminate/Container/Container.php(653): Illuminate\\Container\\BoundMethod::call(Object(Illuminate\\Foundation\\Application), Array, Array, NULL)
#7 /home/mrkreativez/public_html/shortstay.mrkreativez.com/vendor/laravel/framework/src/Illuminate/Foundation/Application.php(914): Illuminate\\Container\\Container->call(Array)
#8 /home/mrkreativez/public_html/shortstay.mrkreativez.com/vendor/laravel/framework/src/Illuminate/Foundation/Application.php(895): Illuminate\\Foundation\\Application->bootProvider(Object(App\\Providers\\AppServiceProvider))
#9 [internal function]: Illuminate\\Foundation\\Application->Illuminate\\Foundation\\{closure}(Object(App\\Providers\\AppServiceProvider), 37)
#10 /home/mrkreativez/public_html/shortstay.mrkreativez.com/vendor/laravel/framework/src/Illuminate/Foundation/Application.php(896): array_walk(Array, Object(Closure))
#11 /home/mrkreativez/public_html/shortstay.mrkreativez.com/vendor/laravel/framework/src/Illuminate/Foundation/Bootstrap/BootProviders.php(17): Illuminate\\Foundation\\Application->boot()
#12 /home/mrkreativez/public_html/shortstay.mrkreativez.com/vendor/laravel/framework/src/Illuminate/Foundation/Application.php(237): Illuminate\\Foundation\\Bootstrap\\BootProviders->bootstrap(Object(Illuminate\\Foundation\\Application))
#13 /home/mrkreativez/public_html/shortstay.mrkreativez.com/vendor/laravel/framework/src/Illuminate/Foundation/Http/Kernel.php(153): Illuminate\\Foundation\\Application->bootstrapWith(Array)
#14 /home/mrkreativez/public_html/shortstay.mrkreativez.com/vendor/laravel/framework/src/Illuminate/Foundation/Http/Kernel.php(137): Illuminate\\Foundation\\Http\\Kernel->bootstrap()
#15 /home/mrkreativez/public_html/shortstay.mrkreativez.com/vendor/laravel/framework/src/Illuminate/Foundation/Http/Kernel.php(111): Illuminate\\Foundation\\Http\\Kernel->sendRequestThroughRouter(Object(Illuminate\\Http\\Request))
#16 /home/mrkreativez/public_html/shortstay.mrkreativez.com/public/index.php(73): Illuminate\\Foundation\\Http\\Kernel->handle(Object(Illuminate\\Http\\Request))
#17 {main}
"} 
[2022-12-11 20:51:06] production.ERROR: symlink(): File exists {"exception":"[object] (ErrorException(code: 0): symlink(): File exists at /home/mrkreativez/public_html/shortstay.mrkreativez.com/app/Providers/AppServiceProvider.php:43)
[stacktrace]
#0 [internal function]: Illuminate\\Foundation\\Bootstrap\\HandleExceptions->handleError(2, 'symlink(): File...', '/home/mrkreativ...', 43, Array)
#1 /home/mrkreativez/public_html/shortstay.mrkreativez.com/app/Providers/AppServiceProvider.php(43): symlink('/home/mrkreativ...', '/home/mrkreativ...')
#2 /home/mrkreativez/public_html/shortstay.mrkreativez.com/vendor/laravel/framework/src/Illuminate/Container/BoundMethod.php(36): App\\Providers\\AppServiceProvider->boot(Object(Illuminate\\Http\\Request))
#3 /home/mrkreativez/public_html/shortstay.mrkreativez.com/vendor/laravel/framework/src/Illuminate/Container/Util.php(40): Illuminate\\Container\\BoundMethod::Illuminate\\Container\\{closure}()
#4 /home/mrkreativez/public_html/shortstay.mrkreativez.com/vendor/laravel/framework/src/Illuminate/Container/BoundMethod.php(93): Illuminate\\Container\\Util::unwrapIfClosure(Object(Closure))
#5 /home/mrkreativez/public_html/shortstay.mrkreativez.com/vendor/laravel/framework/src/Illuminate/Container/BoundMethod.php(37): Illuminate\\Container\\BoundMethod::callBoundMethod(Object(Illuminate\\Foundation\\Application), Array, Object(Closure))
#6 /home/mrkreativez/public_html/shortstay.mrkreativez.com/vendor/laravel/framework/src/Illuminate/Container/Container.php(653): Illuminate\\Container\\BoundMethod::call(Object(Illuminate\\Foundation\\Application), Array, Array, NULL)
#7 /home/mrkreativez/public_html/shortstay.mrkreativez.com/vendor/laravel/framework/src/Illuminate/Foundation/Application.php(914): Illuminate\\Container\\Container->call(Array)
#8 /home/mrkreativez/public_html/shortstay.mrkreativez.com/vendor/laravel/framework/src/Illuminate/Foundation/Application.php(895): Illuminate\\Foundation\\Application->bootProvider(Object(App\\Providers\\AppServiceProvider))
#9 [internal function]: Illuminate\\Foundation\\Application->Illuminate\\Foundation\\{closure}(Object(App\\Providers\\AppServiceProvider), 37)
#10 /home/mrkreativez/public_html/shortstay.mrkreativez.com/vendor/laravel/framework/src/Illuminate/Foundation/Application.php(896): array_walk(Array, Object(Closure))
#11 /home/mrkreativez/public_html/shortstay.mrkreativez.com/vendor/laravel/framework/src/Illuminate/Foundation/Bootstrap/BootProviders.php(17): Illuminate\\Foundation\\Application->boot()
#12 /home/mrkreativez/public_html/shortstay.mrkreativez.com/vendor/laravel/framework/src/Illuminate/Foundation/Application.php(237): Illuminate\\Foundation\\Bootstrap\\BootProviders->bootstrap(Object(Illuminate\\Foundation\\Application))
#13 /home/mrkreativez/public_html/shortstay.mrkreativez.com/vendor/laravel/framework/src/Illuminate/Foundation/Http/Kernel.php(153): Illuminate\\Foundation\\Application->bootstrapWith(Array)
#14 /home/mrkreativez/public_html/shortstay.mrkreativez.com/vendor/laravel/framework/src/Illuminate/Foundation/Http/Kernel.php(137): Illuminate\\Foundation\\Http\\Kernel->bootstrap()
#15 /home/mrkreativez/public_html/shortstay.mrkreativez.com/vendor/laravel/framework/src/Illuminate/Foundation/Http/Kernel.php(111): Illuminate\\Foundation\\Http\\Kernel->sendRequestThroughRouter(Object(Illuminate\\Http\\Request))
#16 /home/mrkreativez/public_html/shortstay.mrkreativez.com/public/index.php(73): Illuminate\\Foundation\\Http\\Kernel->handle(Object(Illuminate\\Http\\Request))
#17 {main}
"} 
[2022-12-11 20:56:12] local.ERROR: symlink(): File exists {"exception":"[object] (ErrorException(code: 0): symlink(): File exists at /home/mrkreativez/public_html/shortstay.mrkreativez.com/app/Providers/AppServiceProvider.php:43)
[stacktrace]
#0 [internal function]: Illuminate\\Foundation\\Bootstrap\\HandleExceptions->handleError(2, 'symlink(): File...', '/home/mrkreativ...', 43, Array)
#1 /home/mrkreativez/public_html/shortstay.mrkreativez.com/app/Providers/AppServiceProvider.php(43): symlink('/home/mrkreativ...', '/home/mrkreativ...')
#2 /home/mrkreativez/public_html/shortstay.mrkreativez.com/vendor/laravel/framework/src/Illuminate/Container/BoundMethod.php(36): App\\Providers\\AppServiceProvider->boot(Object(Illuminate\\Http\\Request))
#3 /home/mrkreativez/public_html/shortstay.mrkreativez.com/vendor/laravel/framework/src/Illuminate/Container/Util.php(40): Illuminate\\Container\\BoundMethod::Illuminate\\Container\\{closure}()
#4 /home/mrkreativez/public_html/shortstay.mrkreativez.com/vendor/laravel/framework/src/Illuminate/Container/BoundMethod.php(93): Illuminate\\Container\\Util::unwrapIfClosure(Object(Closure))
#5 /home/mrkreativez/public_html/shortstay.mrkreativez.com/vendor/laravel/framework/src/Illuminate/Container/BoundMethod.php(37): Illuminate\\Container\\BoundMethod::callBoundMethod(Object(Illuminate\\Foundation\\Application), Array, Object(Closure))
#6 /home/mrkreativez/public_html/shortstay.mrkreativez.com/vendor/laravel/framework/src/Illuminate/Container/Container.php(653): Illuminate\\Container\\BoundMethod::call(Object(Illuminate\\Foundation\\Application), Array, Array, NULL)
#7 /home/mrkreativez/public_html/shortstay.mrkreativez.com/vendor/laravel/framework/src/Illuminate/Foundation/Application.php(914): Illuminate\\Container\\Container->call(Array)
#8 /home/mrkreativez/public_html/shortstay.mrkreativez.com/vendor/laravel/framework/src/Illuminate/Foundation/Application.php(895): Illuminate\\Foundation\\Application->bootProvider(Object(App\\Providers\\AppServiceProvider))
#9 [internal function]: Illuminate\\Foundation\\Application->Illuminate\\Foundation\\{closure}(Object(App\\Providers\\AppServiceProvider), 37)
#10 /home/mrkreativez/public_html/shortstay.mrkreativez.com/vendor/laravel/framework/src/Illuminate/Foundation/Application.php(896): array_walk(Array, Object(Closure))
#11 /home/mrkreativez/public_html/shortstay.mrkreativez.com/vendor/laravel/framework/src/Illuminate/Foundation/Bootstrap/BootProviders.php(17): Illuminate\\Foundation\\Application->boot()
#12 /home/mrkreativez/public_html/shortstay.mrkreativez.com/vendor/laravel/framework/src/Illuminate/Foundation/Application.php(237): Illuminate\\Foundation\\Bootstrap\\BootProviders->bootstrap(Object(Illuminate\\Foundation\\Application))
#13 /home/mrkreativez/public_html/shortstay.mrkreativez.com/vendor/laravel/framework/src/Illuminate/Foundation/Http/Kernel.php(153): Illuminate\\Foundation\\Application->bootstrapWith(Array)
#14 /home/mrkreativez/public_html/shortstay.mrkreativez.com/vendor/laravel/framework/src/Illuminate/Foundation/Http/Kernel.php(137): Illuminate\\Foundation\\Http\\Kernel->bootstrap()
#15 /home/mrkreativez/public_html/shortstay.mrkreativez.com/vendor/laravel/framework/src/Illuminate/Foundation/Http/Kernel.php(111): Illuminate\\Foundation\\Http\\Kernel->sendRequestThroughRouter(Object(Illuminate\\Http\\Request))
#16 /home/mrkreativez/public_html/shortstay.mrkreativez.com/public/index.php(73): Illuminate\\Foundation\\Http\\Kernel->handle(Object(Illuminate\\Http\\Request))
#17 {main}
"} 
[2022-12-11 20:56:23] local.ERROR: symlink(): File exists {"exception":"[object] (ErrorException(code: 0): symlink(): File exists at /home/mrkreativez/public_html/shortstay.mrkreativez.com/app/Providers/AppServiceProvider.php:43)
[stacktrace]
#0 [internal function]: Illuminate\\Foundation\\Bootstrap\\HandleExceptions->handleError(2, 'symlink(): File...', '/home/mrkreativ...', 43, Array)
#1 /home/mrkreativez/public_html/shortstay.mrkreativez.com/app/Providers/AppServiceProvider.php(43): symlink('/home/mrkreativ...', '/home/mrkreativ...')
#2 /home/mrkreativez/public_html/shortstay.mrkreativez.com/vendor/laravel/framework/src/Illuminate/Container/BoundMethod.php(36): App\\Providers\\AppServiceProvider->boot(Object(Illuminate\\Http\\Request))
#3 /home/mrkreativez/public_html/shortstay.mrkreativez.com/vendor/laravel/framework/src/Illuminate/Container/Util.php(40): Illuminate\\Container\\BoundMethod::Illuminate\\Container\\{closure}()
#4 /home/mrkreativez/public_html/shortstay.mrkreativez.com/vendor/laravel/framework/src/Illuminate/Container/BoundMethod.php(93): Illuminate\\Container\\Util::unwrapIfClosure(Object(Closure))
#5 /home/mrkreativez/public_html/shortstay.mrkreativez.com/vendor/laravel/framework/src/Illuminate/Container/BoundMethod.php(37): Illuminate\\Container\\BoundMethod::callBoundMethod(Object(Illuminate\\Foundation\\Application), Array, Object(Closure))
#6 /home/mrkreativez/public_html/shortstay.mrkreativez.com/vendor/laravel/framework/src/Illuminate/Container/Container.php(653): Illuminate\\Container\\BoundMethod::call(Object(Illuminate\\Foundation\\Application), Array, Array, NULL)
#7 /home/mrkreativez/public_html/shortstay.mrkreativez.com/vendor/laravel/framework/src/Illuminate/Foundation/Application.php(914): Illuminate\\Container\\Container->call(Array)
#8 /home/mrkreativez/public_html/shortstay.mrkreativez.com/vendor/laravel/framework/src/Illuminate/Foundation/Application.php(895): Illuminate\\Foundation\\Application->bootProvider(Object(App\\Providers\\AppServiceProvider))
#9 [internal function]: Illuminate\\Foundation\\Application->Illuminate\\Foundation\\{closure}(Object(App\\Providers\\AppServiceProvider), 37)
#10 /home/mrkreativez/public_html/shortstay.mrkreativez.com/vendor/laravel/framework/src/Illuminate/Foundation/Application.php(896): array_walk(Array, Object(Closure))
#11 /home/mrkreativez/public_html/shortstay.mrkreativez.com/vendor/laravel/framework/src/Illuminate/Foundation/Bootstrap/BootProviders.php(17): Illuminate\\Foundation\\Application->boot()
#12 /home/mrkreativez/public_html/shortstay.mrkreativez.com/vendor/laravel/framework/src/Illuminate/Foundation/Application.php(237): Illuminate\\Foundation\\Bootstrap\\BootProviders->bootstrap(Object(Illuminate\\Foundation\\Application))
#13 /home/mrkreativez/public_html/shortstay.mrkreativez.com/vendor/laravel/framework/src/Illuminate/Foundation/Http/Kernel.php(153): Illuminate\\Foundation\\Application->bootstrapWith(Array)
#14 /home/mrkreativez/public_html/shortstay.mrkreativez.com/vendor/laravel/framework/src/Illuminate/Foundation/Http/Kernel.php(137): Illuminate\\Foundation\\Http\\Kernel->bootstrap()
#15 /home/mrkreativez/public_html/shortstay.mrkreativez.com/vendor/laravel/framework/src/Illuminate/Foundation/Http/Kernel.php(111): Illuminate\\Foundation\\Http\\Kernel->sendRequestThroughRouter(Object(Illuminate\\Http\\Request))
#16 /home/mrkreativez/public_html/shortstay.mrkreativez.com/public/index.php(73): Illuminate\\Foundation\\Http\\Kernel->handle(Object(Illuminate\\Http\\Request))
#17 {main}
"} 
[2022-12-11 20:57:46] local.ERROR: symlink(): File exists {"exception":"[object] (ErrorException(code: 0): symlink(): File exists at /home/mrkreativez/public_html/shortstay.mrkreativez.com/app/Providers/AppServiceProvider.php:43)
[stacktrace]
#0 [internal function]: Illuminate\\Foundation\\Bootstrap\\HandleExceptions->handleError(2, 'symlink(): File...', '/home/mrkreativ...', 43, Array)
#1 /home/mrkreativez/public_html/shortstay.mrkreativez.com/app/Providers/AppServiceProvider.php(43): symlink('/home/mrkreativ...', '/home/mrkreativ...')
#2 /home/mrkreativez/public_html/shortstay.mrkreativez.com/vendor/laravel/framework/src/Illuminate/Container/BoundMethod.php(36): App\\Providers\\AppServiceProvider->boot(Object(Illuminate\\Http\\Request))
#3 /home/mrkreativez/public_html/shortstay.mrkreativez.com/vendor/laravel/framework/src/Illuminate/Container/Util.php(40): Illuminate\\Container\\BoundMethod::Illuminate\\Container\\{closure}()
#4 /home/mrkreativez/public_html/shortstay.mrkreativez.com/vendor/laravel/framework/src/Illuminate/Container/BoundMethod.php(93): Illuminate\\Container\\Util::unwrapIfClosure(Object(Closure))
#5 /home/mrkreativez/public_html/shortstay.mrkreativez.com/vendor/laravel/framework/src/Illuminate/Container/BoundMethod.php(37): Illuminate\\Container\\BoundMethod::callBoundMethod(Object(Illuminate\\Foundation\\Application), Array, Object(Closure))
#6 /home/mrkreativez/public_html/shortstay.mrkreativez.com/vendor/laravel/framework/src/Illuminate/Container/Container.php(653): Illuminate\\Container\\BoundMethod::call(Object(Illuminate\\Foundation\\Application), Array, Array, NULL)
#7 /home/mrkreativez/public_html/shortstay.mrkreativez.com/vendor/laravel/framework/src/Illuminate/Foundation/Application.php(914): Illuminate\\Container\\Container->call(Array)
#8 /home/mrkreativez/public_html/shortstay.mrkreativez.com/vendor/laravel/framework/src/Illuminate/Foundation/Application.php(895): Illuminate\\Foundation\\Application->bootProvider(Object(App\\Providers\\AppServiceProvider))
#9 [internal function]: Illuminate\\Foundation\\Application->Illuminate\\Foundation\\{closure}(Object(App\\Providers\\AppServiceProvider), 37)
#10 /home/mrkreativez/public_html/shortstay.mrkreativez.com/vendor/laravel/framework/src/Illuminate/Foundation/Application.php(896): array_walk(Array, Object(Closure))
#11 /home/mrkreativez/public_html/shortstay.mrkreativez.com/vendor/laravel/framework/src/Illuminate/Foundation/Bootstrap/BootProviders.php(17): Illuminate\\Foundation\\Application->boot()
#12 /home/mrkreativez/public_html/shortstay.mrkreativez.com/vendor/laravel/framework/src/Illuminate/Foundation/Application.php(237): Illuminate\\Foundation\\Bootstrap\\BootProviders->bootstrap(Object(Illuminate\\Foundation\\Application))
#13 /home/mrkreativez/public_html/shortstay.mrkreativez.com/vendor/laravel/framework/src/Illuminate/Foundation/Http/Kernel.php(153): Illuminate\\Foundation\\Application->bootstrapWith(Array)
#14 /home/mrkreativez/public_html/shortstay.mrkreativez.com/vendor/laravel/framework/src/Illuminate/Foundation/Http/Kernel.php(137): Illuminate\\Foundation\\Http\\Kernel->bootstrap()
#15 /home/mrkreativez/public_html/shortstay.mrkreativez.com/vendor/laravel/framework/src/Illuminate/Foundation/Http/Kernel.php(111): Illuminate\\Foundation\\Http\\Kernel->sendRequestThroughRouter(Object(Illuminate\\Http\\Request))
#16 /home/mrkreativez/public_html/shortstay.mrkreativez.com/public/index.php(73): Illuminate\\Foundation\\Http\\Kernel->handle(Object(Illuminate\\Http\\Request))
#17 {main}
"} 
[2022-12-11 20:58:33] production.ERROR: symlink(): File exists {"exception":"[object] (ErrorException(code: 0): symlink(): File exists at /home/mrkreativez/public_html/shortstay.mrkreativez.com/app/Providers/AppServiceProvider.php:43)
[stacktrace]
#0 [internal function]: Illuminate\\Foundation\\Bootstrap\\HandleExceptions->handleError(2, 'symlink(): File...', '/home/mrkreativ...', 43, Array)
#1 /home/mrkreativez/public_html/shortstay.mrkreativez.com/app/Providers/AppServiceProvider.php(43): symlink('/home/mrkreativ...', '/home/mrkreativ...')
#2 /home/mrkreativez/public_html/shortstay.mrkreativez.com/vendor/laravel/framework/src/Illuminate/Container/BoundMethod.php(36): App\\Providers\\AppServiceProvider->boot(Object(Illuminate\\Http\\Request))
#3 /home/mrkreativez/public_html/shortstay.mrkreativez.com/vendor/laravel/framework/src/Illuminate/Container/Util.php(40): Illuminate\\Container\\BoundMethod::Illuminate\\Container\\{closure}()
#4 /home/mrkreativez/public_html/shortstay.mrkreativez.com/vendor/laravel/framework/src/Illuminate/Container/BoundMethod.php(93): Illuminate\\Container\\Util::unwrapIfClosure(Object(Closure))
#5 /home/mrkreativez/public_html/shortstay.mrkreativez.com/vendor/laravel/framework/src/Illuminate/Container/BoundMethod.php(37): Illuminate\\Container\\BoundMethod::callBoundMethod(Object(Illuminate\\Foundation\\Application), Array, Object(Closure))
#6 /home/mrkreativez/public_html/shortstay.mrkreativez.com/vendor/laravel/framework/src/Illuminate/Container/Container.php(653): Illuminate\\Container\\BoundMethod::call(Object(Illuminate\\Foundation\\Application), Array, Array, NULL)
#7 /home/mrkreativez/public_html/shortstay.mrkreativez.com/vendor/laravel/framework/src/Illuminate/Foundation/Application.php(914): Illuminate\\Container\\Container->call(Array)
#8 /home/mrkreativez/public_html/shortstay.mrkreativez.com/vendor/laravel/framework/src/Illuminate/Foundation/Application.php(895): Illuminate\\Foundation\\Application->bootProvider(Object(App\\Providers\\AppServiceProvider))
#9 [internal function]: Illuminate\\Foundation\\Application->Illuminate\\Foundation\\{closure}(Object(App\\Providers\\AppServiceProvider), 37)
#10 /home/mrkreativez/public_html/shortstay.mrkreativez.com/vendor/laravel/framework/src/Illuminate/Foundation/Application.php(896): array_walk(Array, Object(Closure))
#11 /home/mrkreativez/public_html/shortstay.mrkreativez.com/vendor/laravel/framework/src/Illuminate/Foundation/Bootstrap/BootProviders.php(17): Illuminate\\Foundation\\Application->boot()
#12 /home/mrkreativez/public_html/shortstay.mrkreativez.com/vendor/laravel/framework/src/Illuminate/Foundation/Application.php(237): Illuminate\\Foundation\\Bootstrap\\BootProviders->bootstrap(Object(Illuminate\\Foundation\\Application))
#13 /home/mrkreativez/public_html/shortstay.mrkreativez.com/vendor/laravel/framework/src/Illuminate/Foundation/Http/Kernel.php(153): Illuminate\\Foundation\\Application->bootstrapWith(Array)
#14 /home/mrkreativez/public_html/shortstay.mrkreativez.com/vendor/laravel/framework/src/Illuminate/Foundation/Http/Kernel.php(137): Illuminate\\Foundation\\Http\\Kernel->bootstrap()
#15 /home/mrkreativez/public_html/shortstay.mrkreativez.com/vendor/laravel/framework/src/Illuminate/Foundation/Http/Kernel.php(111): Illuminate\\Foundation\\Http\\Kernel->sendRequestThroughRouter(Object(Illuminate\\Http\\Request))
#16 /home/mrkreativez/public_html/shortstay.mrkreativez.com/public/index.php(73): Illuminate\\Foundation\\Http\\Kernel->handle(Object(Illuminate\\Http\\Request))
#17 {main}
"} 
[2022-12-11 20:59:44] production.ERROR: symlink(): File exists {"exception":"[object] (ErrorException(code: 0): symlink(): File exists at /home/mrkreativez/public_html/shortstay.mrkreativez.com/app/Providers/AppServiceProvider.php:43)
[stacktrace]
#0 [internal function]: Illuminate\\Foundation\\Bootstrap\\HandleExceptions->handleError(2, 'symlink(): File...', '/home/mrkreativ...', 43, Array)
#1 /home/mrkreativez/public_html/shortstay.mrkreativez.com/app/Providers/AppServiceProvider.php(43): symlink('/home/mrkreativ...', '/home/mrkreativ...')
#2 /home/mrkreativez/public_html/shortstay.mrkreativez.com/vendor/laravel/framework/src/Illuminate/Container/BoundMethod.php(36): App\\Providers\\AppServiceProvider->boot(Object(Illuminate\\Http\\Request))
#3 /home/mrkreativez/public_html/shortstay.mrkreativez.com/vendor/laravel/framework/src/Illuminate/Container/Util.php(40): Illuminate\\Container\\BoundMethod::Illuminate\\Container\\{closure}()
#4 /home/mrkreativez/public_html/shortstay.mrkreativez.com/vendor/laravel/framework/src/Illuminate/Container/BoundMethod.php(93): Illuminate\\Container\\Util::unwrapIfClosure(Object(Closure))
#5 /home/mrkreativez/public_html/shortstay.mrkreativez.com/vendor/laravel/framework/src/Illuminate/Container/BoundMethod.php(37): Illuminate\\Container\\BoundMethod::callBoundMethod(Object(Illuminate\\Foundation\\Application), Array, Object(Closure))
#6 /home/mrkreativez/public_html/shortstay.mrkreativez.com/vendor/laravel/framework/src/Illuminate/Container/Container.php(653): Illuminate\\Container\\BoundMethod::call(Object(Illuminate\\Foundation\\Application), Array, Array, NULL)
#7 /home/mrkreativez/public_html/shortstay.mrkreativez.com/vendor/laravel/framework/src/Illuminate/Foundation/Application.php(914): Illuminate\\Container\\Container->call(Array)
#8 /home/mrkreativez/public_html/shortstay.mrkreativez.com/vendor/laravel/framework/src/Illuminate/Foundation/Application.php(895): Illuminate\\Foundation\\Application->bootProvider(Object(App\\Providers\\AppServiceProvider))
#9 [internal function]: Illuminate\\Foundation\\Application->Illuminate\\Foundation\\{closure}(Object(App\\Providers\\AppServiceProvider), 37)
#10 /home/mrkreativez/public_html/shortstay.mrkreativez.com/vendor/laravel/framework/src/Illuminate/Foundation/Application.php(896): array_walk(Array, Object(Closure))
#11 /home/mrkreativez/public_html/shortstay.mrkreativez.com/vendor/laravel/framework/src/Illuminate/Foundation/Bootstrap/BootProviders.php(17): Illuminate\\Foundation\\Application->boot()
#12 /home/mrkreativez/public_html/shortstay.mrkreativez.com/vendor/laravel/framework/src/Illuminate/Foundation/Application.php(237): Illuminate\\Foundation\\Bootstrap\\BootProviders->bootstrap(Object(Illuminate\\Foundation\\Application))
#13 /home/mrkreativez/public_html/shortstay.mrkreativez.com/vendor/laravel/framework/src/Illuminate/Foundation/Http/Kernel.php(153): Illuminate\\Foundation\\Application->bootstrapWith(Array)
#14 /home/mrkreativez/public_html/shortstay.mrkreativez.com/vendor/laravel/framework/src/Illuminate/Foundation/Http/Kernel.php(137): Illuminate\\Foundation\\Http\\Kernel->bootstrap()
#15 /home/mrkreativez/public_html/shortstay.mrkreativez.com/vendor/laravel/framework/src/Illuminate/Foundation/Http/Kernel.php(111): Illuminate\\Foundation\\Http\\Kernel->sendRequestThroughRouter(Object(Illuminate\\Http\\Request))
#16 /home/mrkreativez/public_html/shortstay.mrkreativez.com/public/index.php(73): Illuminate\\Foundation\\Http\\Kernel->handle(Object(Illuminate\\Http\\Request))
#17 {main}
"} 
[2022-12-11 21:01:52] production.ERROR: symlink(): File exists {"exception":"[object] (ErrorException(code: 0): symlink(): File exists at /home/mrkreativez/public_html/shortstay.mrkreativez.com/app/Providers/AppServiceProvider.php:43)
[stacktrace]
#0 [internal function]: Illuminate\\Foundation\\Bootstrap\\HandleExceptions->handleError(2, 'symlink(): File...', '/home/mrkreativ...', 43, Array)
#1 /home/mrkreativez/public_html/shortstay.mrkreativez.com/app/Providers/AppServiceProvider.php(43): symlink('/home/mrkreativ...', '/home/mrkreativ...')
#2 /home/mrkreativez/public_html/shortstay.mrkreativez.com/vendor/laravel/framework/src/Illuminate/Container/BoundMethod.php(36): App\\Providers\\AppServiceProvider->boot(Object(Illuminate\\Http\\Request))
#3 /home/mrkreativez/public_html/shortstay.mrkreativez.com/vendor/laravel/framework/src/Illuminate/Container/Util.php(40): Illuminate\\Container\\BoundMethod::Illuminate\\Container\\{closure}()
#4 /home/mrkreativez/public_html/shortstay.mrkreativez.com/vendor/laravel/framework/src/Illuminate/Container/BoundMethod.php(93): Illuminate\\Container\\Util::unwrapIfClosure(Object(Closure))
#5 /home/mrkreativez/public_html/shortstay.mrkreativez.com/vendor/laravel/framework/src/Illuminate/Container/BoundMethod.php(37): Illuminate\\Container\\BoundMethod::callBoundMethod(Object(Illuminate\\Foundation\\Application), Array, Object(Closure))
#6 /home/mrkreativez/public_html/shortstay.mrkreativez.com/vendor/laravel/framework/src/Illuminate/Container/Container.php(653): Illuminate\\Container\\BoundMethod::call(Object(Illuminate\\Foundation\\Application), Array, Array, NULL)
#7 /home/mrkreativez/public_html/shortstay.mrkreativez.com/vendor/laravel/framework/src/Illuminate/Foundation/Application.php(914): Illuminate\\Container\\Container->call(Array)
#8 /home/mrkreativez/public_html/shortstay.mrkreativez.com/vendor/laravel/framework/src/Illuminate/Foundation/Application.php(895): Illuminate\\Foundation\\Application->bootProvider(Object(App\\Providers\\AppServiceProvider))
#9 [internal function]: Illuminate\\Foundation\\Application->Illuminate\\Foundation\\{closure}(Object(App\\Providers\\AppServiceProvider), 37)
#10 /home/mrkreativez/public_html/shortstay.mrkreativez.com/vendor/laravel/framework/src/Illuminate/Foundation/Application.php(896): array_walk(Array, Object(Closure))
#11 /home/mrkreativez/public_html/shortstay.mrkreativez.com/vendor/laravel/framework/src/Illuminate/Foundation/Bootstrap/BootProviders.php(17): Illuminate\\Foundation\\Application->boot()
#12 /home/mrkreativez/public_html/shortstay.mrkreativez.com/vendor/laravel/framework/src/Illuminate/Foundation/Application.php(237): Illuminate\\Foundation\\Bootstrap\\BootProviders->bootstrap(Object(Illuminate\\Foundation\\Application))
#13 /home/mrkreativez/public_html/shortstay.mrkreativez.com/vendor/laravel/framework/src/Illuminate/Foundation/Http/Kernel.php(153): Illuminate\\Foundation\\Application->bootstrapWith(Array)
#14 /home/mrkreativez/public_html/shortstay.mrkreativez.com/vendor/laravel/framework/src/Illuminate/Foundation/Http/Kernel.php(137): Illuminate\\Foundation\\Http\\Kernel->bootstrap()
#15 /home/mrkreativez/public_html/shortstay.mrkreativez.com/vendor/laravel/framework/src/Illuminate/Foundation/Http/Kernel.php(111): Illuminate\\Foundation\\Http\\Kernel->sendRequestThroughRouter(Object(Illuminate\\Http\\Request))
#16 /home/mrkreativez/public_html/shortstay.mrkreativez.com/public/index.php(73): Illuminate\\Foundation\\Http\\Kernel->handle(Object(Illuminate\\Http\\Request))
#17 {main}
"} 
[2022-12-11 21:03:38] production.ERROR: symlink(): File exists {"exception":"[object] (ErrorException(code: 0): symlink(): File exists at /home/mrkreativez/public_html/shortstay.mrkreativez.com/app/Providers/AppServiceProvider.php:43)
[stacktrace]
#0 [internal function]: Illuminate\\Foundation\\Bootstrap\\HandleExceptions->handleError(2, 'symlink(): File...', '/home/mrkreativ...', 43, Array)
#1 /home/mrkreativez/public_html/shortstay.mrkreativez.com/app/Providers/AppServiceProvider.php(43): symlink('/home/mrkreativ...', '/home/mrkreativ...')
#2 /home/mrkreativez/public_html/shortstay.mrkreativez.com/vendor/laravel/framework/src/Illuminate/Container/BoundMethod.php(36): App\\Providers\\AppServiceProvider->boot(Object(Illuminate\\Http\\Request))
#3 /home/mrkreativez/public_html/shortstay.mrkreativez.com/vendor/laravel/framework/src/Illuminate/Container/Util.php(40): Illuminate\\Container\\BoundMethod::Illuminate\\Container\\{closure}()
#4 /home/mrkreativez/public_html/shortstay.mrkreativez.com/vendor/laravel/framework/src/Illuminate/Container/BoundMethod.php(93): Illuminate\\Container\\Util::unwrapIfClosure(Object(Closure))
#5 /home/mrkreativez/public_html/shortstay.mrkreativez.com/vendor/laravel/framework/src/Illuminate/Container/BoundMethod.php(37): Illuminate\\Container\\BoundMethod::callBoundMethod(Object(Illuminate\\Foundation\\Application), Array, Object(Closure))
#6 /home/mrkreativez/public_html/shortstay.mrkreativez.com/vendor/laravel/framework/src/Illuminate/Container/Container.php(653): Illuminate\\Container\\BoundMethod::call(Object(Illuminate\\Foundation\\Application), Array, Array, NULL)
#7 /home/mrkreativez/public_html/shortstay.mrkreativez.com/vendor/laravel/framework/src/Illuminate/Foundation/Application.php(914): Illuminate\\Container\\Container->call(Array)
#8 /home/mrkreativez/public_html/shortstay.mrkreativez.com/vendor/laravel/framework/src/Illuminate/Foundation/Application.php(895): Illuminate\\Foundation\\Application->bootProvider(Object(App\\Providers\\AppServiceProvider))
#9 [internal function]: Illuminate\\Foundation\\Application->Illuminate\\Foundation\\{closure}(Object(App\\Providers\\AppServiceProvider), 37)
#10 /home/mrkreativez/public_html/shortstay.mrkreativez.com/vendor/laravel/framework/src/Illuminate/Foundation/Application.php(896): array_walk(Array, Object(Closure))
#11 /home/mrkreativez/public_html/shortstay.mrkreativez.com/vendor/laravel/framework/src/Illuminate/Foundation/Bootstrap/BootProviders.php(17): Illuminate\\Foundation\\Application->boot()
#12 /home/mrkreativez/public_html/shortstay.mrkreativez.com/vendor/laravel/framework/src/Illuminate/Foundation/Application.php(237): Illuminate\\Foundation\\Bootstrap\\BootProviders->bootstrap(Object(Illuminate\\Foundation\\Application))
#13 /home/mrkreativez/public_html/shortstay.mrkreativez.com/vendor/laravel/framework/src/Illuminate/Foundation/Http/Kernel.php(153): Illuminate\\Foundation\\Application->bootstrapWith(Array)
#14 /home/mrkreativez/public_html/shortstay.mrkreativez.com/vendor/laravel/framework/src/Illuminate/Foundation/Http/Kernel.php(137): Illuminate\\Foundation\\Http\\Kernel->bootstrap()
#15 /home/mrkreativez/public_html/shortstay.mrkreativez.com/vendor/laravel/framework/src/Illuminate/Foundation/Http/Kernel.php(111): Illuminate\\Foundation\\Http\\Kernel->sendRequestThroughRouter(Object(Illuminate\\Http\\Request))
#16 /home/mrkreativez/public_html/shortstay.mrkreativez.com/public/index.php(73): Illuminate\\Foundation\\Http\\Kernel->handle(Object(Illuminate\\Http\\Request))
#17 {main}
"} 
[2022-12-11 21:03:46] production.ERROR: symlink(): File exists {"exception":"[object] (ErrorException(code: 0): symlink(): File exists at /home/mrkreativez/public_html/shortstay.mrkreativez.com/app/Providers/AppServiceProvider.php:43)
[stacktrace]
#0 [internal function]: Illuminate\\Foundation\\Bootstrap\\HandleExceptions->handleError(2, 'symlink(): File...', '/home/mrkreativ...', 43, Array)
#1 /home/mrkreativez/public_html/shortstay.mrkreativez.com/app/Providers/AppServiceProvider.php(43): symlink('/home/mrkreativ...', '/home/mrkreativ...')
#2 /home/mrkreativez/public_html/shortstay.mrkreativez.com/vendor/laravel/framework/src/Illuminate/Container/BoundMethod.php(36): App\\Providers\\AppServiceProvider->boot(Object(Illuminate\\Http\\Request))
#3 /home/mrkreativez/public_html/shortstay.mrkreativez.com/vendor/laravel/framework/src/Illuminate/Container/Util.php(40): Illuminate\\Container\\BoundMethod::Illuminate\\Container\\{closure}()
#4 /home/mrkreativez/public_html/shortstay.mrkreativez.com/vendor/laravel/framework/src/Illuminate/Container/BoundMethod.php(93): Illuminate\\Container\\Util::unwrapIfClosure(Object(Closure))
#5 /home/mrkreativez/public_html/shortstay.mrkreativez.com/vendor/laravel/framework/src/Illuminate/Container/BoundMethod.php(37): Illuminate\\Container\\BoundMethod::callBoundMethod(Object(Illuminate\\Foundation\\Application), Array, Object(Closure))
#6 /home/mrkreativez/public_html/shortstay.mrkreativez.com/vendor/laravel/framework/src/Illuminate/Container/Container.php(653): Illuminate\\Container\\BoundMethod::call(Object(Illuminate\\Foundation\\Application), Array, Array, NULL)
#7 /home/mrkreativez/public_html/shortstay.mrkreativez.com/vendor/laravel/framework/src/Illuminate/Foundation/Application.php(914): Illuminate\\Container\\Container->call(Array)
#8 /home/mrkreativez/public_html/shortstay.mrkreativez.com/vendor/laravel/framework/src/Illuminate/Foundation/Application.php(895): Illuminate\\Foundation\\Application->bootProvider(Object(App\\Providers\\AppServiceProvider))
#9 [internal function]: Illuminate\\Foundation\\Application->Illuminate\\Foundation\\{closure}(Object(App\\Providers\\AppServiceProvider), 37)
#10 /home/mrkreativez/public_html/shortstay.mrkreativez.com/vendor/laravel/framework/src/Illuminate/Foundation/Application.php(896): array_walk(Array, Object(Closure))
#11 /home/mrkreativez/public_html/shortstay.mrkreativez.com/vendor/laravel/framework/src/Illuminate/Foundation/Bootstrap/BootProviders.php(17): Illuminate\\Foundation\\Application->boot()
#12 /home/mrkreativez/public_html/shortstay.mrkreativez.com/vendor/laravel/framework/src/Illuminate/Foundation/Application.php(237): Illuminate\\Foundation\\Bootstrap\\BootProviders->bootstrap(Object(Illuminate\\Foundation\\Application))
#13 /home/mrkreativez/public_html/shortstay.mrkreativez.com/vendor/laravel/framework/src/Illuminate/Foundation/Http/Kernel.php(153): Illuminate\\Foundation\\Application->bootstrapWith(Array)
#14 /home/mrkreativez/public_html/shortstay.mrkreativez.com/vendor/laravel/framework/src/Illuminate/Foundation/Http/Kernel.php(137): Illuminate\\Foundation\\Http\\Kernel->bootstrap()
#15 /home/mrkreativez/public_html/shortstay.mrkreativez.com/vendor/laravel/framework/src/Illuminate/Foundation/Http/Kernel.php(111): Illuminate\\Foundation\\Http\\Kernel->sendRequestThroughRouter(Object(Illuminate\\Http\\Request))
#16 /home/mrkreativez/public_html/shortstay.mrkreativez.com/public/index.php(73): Illuminate\\Foundation\\Http\\Kernel->handle(Object(Illuminate\\Http\\Request))
#17 {main}
"} 
[2022-12-11 21:04:04] production.ERROR: symlink(): File exists {"exception":"[object] (ErrorException(code: 0): symlink(): File exists at /home/mrkreativez/public_html/shortstay.mrkreativez.com/app/Providers/AppServiceProvider.php:43)
[stacktrace]
#0 [internal function]: Illuminate\\Foundation\\Bootstrap\\HandleExceptions->handleError(2, 'symlink(): File...', '/home/mrkreativ...', 43, Array)
#1 /home/mrkreativez/public_html/shortstay.mrkreativez.com/app/Providers/AppServiceProvider.php(43): symlink('/home/mrkreativ...', '/home/mrkreativ...')
#2 /home/mrkreativez/public_html/shortstay.mrkreativez.com/vendor/laravel/framework/src/Illuminate/Container/BoundMethod.php(36): App\\Providers\\AppServiceProvider->boot(Object(Illuminate\\Http\\Request))
#3 /home/mrkreativez/public_html/shortstay.mrkreativez.com/vendor/laravel/framework/src/Illuminate/Container/Util.php(40): Illuminate\\Container\\BoundMethod::Illuminate\\Container\\{closure}()
#4 /home/mrkreativez/public_html/shortstay.mrkreativez.com/vendor/laravel/framework/src/Illuminate/Container/BoundMethod.php(93): Illuminate\\Container\\Util::unwrapIfClosure(Object(Closure))
#5 /home/mrkreativez/public_html/shortstay.mrkreativez.com/vendor/laravel/framework/src/Illuminate/Container/BoundMethod.php(37): Illuminate\\Container\\BoundMethod::callBoundMethod(Object(Illuminate\\Foundation\\Application), Array, Object(Closure))
#6 /home/mrkreativez/public_html/shortstay.mrkreativez.com/vendor/laravel/framework/src/Illuminate/Container/Container.php(653): Illuminate\\Container\\BoundMethod::call(Object(Illuminate\\Foundation\\Application), Array, Array, NULL)
#7 /home/mrkreativez/public_html/shortstay.mrkreativez.com/vendor/laravel/framework/src/Illuminate/Foundation/Application.php(914): Illuminate\\Container\\Container->call(Array)
#8 /home/mrkreativez/public_html/shortstay.mrkreativez.com/vendor/laravel/framework/src/Illuminate/Foundation/Application.php(895): Illuminate\\Foundation\\Application->bootProvider(Object(App\\Providers\\AppServiceProvider))
#9 [internal function]: Illuminate\\Foundation\\Application->Illuminate\\Foundation\\{closure}(Object(App\\Providers\\AppServiceProvider), 37)
#10 /home/mrkreativez/public_html/shortstay.mrkreativez.com/vendor/laravel/framework/src/Illuminate/Foundation/Application.php(896): array_walk(Array, Object(Closure))
#11 /home/mrkreativez/public_html/shortstay.mrkreativez.com/vendor/laravel/framework/src/Illuminate/Foundation/Bootstrap/BootProviders.php(17): Illuminate\\Foundation\\Application->boot()
#12 /home/mrkreativez/public_html/shortstay.mrkreativez.com/vendor/laravel/framework/src/Illuminate/Foundation/Application.php(237): Illuminate\\Foundation\\Bootstrap\\BootProviders->bootstrap(Object(Illuminate\\Foundation\\Application))
#13 /home/mrkreativez/public_html/shortstay.mrkreativez.com/vendor/laravel/framework/src/Illuminate/Foundation/Http/Kernel.php(153): Illuminate\\Foundation\\Application->bootstrapWith(Array)
#14 /home/mrkreativez/public_html/shortstay.mrkreativez.com/vendor/laravel/framework/src/Illuminate/Foundation/Http/Kernel.php(137): Illuminate\\Foundation\\Http\\Kernel->bootstrap()
#15 /home/mrkreativez/public_html/shortstay.mrkreativez.com/vendor/laravel/framework/src/Illuminate/Foundation/Http/Kernel.php(111): Illuminate\\Foundation\\Http\\Kernel->sendRequestThroughRouter(Object(Illuminate\\Http\\Request))
#16 /home/mrkreativez/public_html/shortstay.mrkreativez.com/public/index.php(73): Illuminate\\Foundation\\Http\\Kernel->handle(Object(Illuminate\\Http\\Request))
#17 {main}
"} 
